Build started 2021-05-16(일) 오전 11:46:59.
     1>Project "C:\Program Files (x86)\Steam\steamapps\common\Source SDK Base 2013 Multiplayer\dev\Ultra-Fortress\src\vgui2\vgui_controls\vgui_controls.vcxproj" on node 4 (Build target(s)).
     1>PreBuildEvent:
         if EXIST ..\..\lib\public\.\vgui_controls.lib ( for /f "delims=" %%A in ('attrib "..\..\lib\public\.\vgui_controls.lib"') do set valveTmpIsReadOnly="%%A"
         ) else ( if not EXIST ..\..\lib\public\. mkdir ..\..\lib\public\. )
         set valveTmpIsReadOnlyLetter=%valveTmpIsReadOnly:~6,1%
         if "%valveTmpIsReadOnlyLetter%"=="R" (
             attrib -r ..\..\lib\public\.\vgui_controls.lib
             ..\..\devtools\bin\gnu\touch.exe -d "1999-01-01" ..\..\lib\public\.\vgui_controls.lib
             attrib +r ..\..\lib\public\.\vgui_controls.lib
         )
         if exist "..\..\devtools\bin\vpc.exe" "..\..\devtools\bin\vpc.exe" -crc2 "vgui_controls.vcxproj"
         if ERRORLEVEL 1 exit /b 1
         
         :VCEnd
       CustomBuild:
         Running VPC CRC Check - vgui_controls.vpc
         액세스가 거부되었습니다.
       Lib:
         vgui_controls.vcxproj -> C:\Program Files (x86)\Steam\steamapps\common\Source SDK Base 2013 Multiplayer\dev\Ultra-Fortress\src\vgui2\vgui_controls\..\..\lib\public\.\vgui_controls.lib
     1>Done Building Project "C:\Program Files (x86)\Steam\steamapps\common\Source SDK Base 2013 Multiplayer\dev\Ultra-Fortress\src\vgui2\vgui_controls\vgui_controls.vcxproj" (Build target(s)).

Build succeeded.

Time Elapsed 00:00:00.51
