Build started 2021-05-16(일) 오전 11:47:00.
     1>Project "C:\Program Files (x86)\Steam\steamapps\common\Source SDK Base 2013 Multiplayer\dev\Ultra-Fortress\src\game\client\client_tf2vintage.vcxproj" on node 3 (Build target(s)).
     1>PreBuildEvent:
         if EXIST ..\..\..\game\tf2vintage\bin\.\client.dll for /f "delims=" %%A in ('attrib "..\..\..\game\tf2vintage\bin\.\client.dll"') do set valveTmpIsReadOnly="%%A"
         set valveTmpIsReadOnlyLetter=%valveTmpIsReadOnly:~6,1%
         if "%valveTmpIsReadOnlyLetter%"=="R" del /q "C:\Program Files (x86)\Steam\steamapps\common\Source SDK Base 2013 Multiplayer\dev\Ultra-Fortress\src\game\client\Release_tf2vintage\"client.dll
         if exist "..\..\devtools\bin\vpc.exe" "..\..\devtools\bin\vpc.exe" -crc2 "client_tf2vintage.vcxproj"
         if ERRORLEVEL 1 exit /b 1
         
         :VCEnd
       CustomBuild:
         Running VPC CRC Check - client_tf2vintage.vpc
         액세스가 거부되었습니다.
       ClCompile:
         C:\Program Files (x86)\Microsoft Visual Studio 12.0\VC\bin\CL.exe /c /I.\ /I..\..\common /I..\..\public /I..\..\public\tier0 /I..\..\public\tier1 /I..\..\game\client\generated_proto_tf2vintage /I"..\..\thirdparty\protobuf-2.3.0\src" /I..\..\vgui2\include /I..\..\vgui2\controls /I..\..\game\shared /I.\game_controls /I..\..\thirdparty\sixensesdk\include /Itf\vgui /I.\tf /I..\..\game\shared\tf /I..\..\game\shared\Multiplayer /I..\..\game\shared\econ /Zi /nologo /W1 /WX- /MP /O2 /Ob2 /Oi /Ot /Oy- /D VPC /D RAD_TELEMETRY_DISABLED /D WIN32 /D _WIN32 /D NDEBUG /D _WINDOWS /D _USRDLL /D _CRT_SECURE_NO_DEPRECATE /D _CRT_NONSTDC_NO_DEPRECATE /D _ALLOW_RUNTIME_LIBRARY_MISMATCH /D _ALLOW_ITERATOR_DEBUG_LEVEL_MISMATCH /D _ALLOW_MSC_VER_MISMATCH /D _WINDLL /D _MBCS /D COMPILER_MSVC32 /D COMPILER_MSVC32 /D COMPILER_MSVC /D _DLL_EXT=.dll /D DLLNAME=client /D BINK_VIDEO /D AVI_VIDEO /D WMV_VIDEO /D DEV_BUILD /D FRAME_POINTER_OMISSION_DISABLED /D NO_STRING_T /D CLIENT_DLL /D VECTOR /D VERSION_SAFE_STEAM_API_INTERFACES /D PROTECTED_THINGS_ENABLE /D strncpy=use_Q_strncpy_instead /D _snprintf=use_Q_snprintf_instead /D fopen=dont_use_fopen /D TF_VINTAGE_CLIENT /D GLOWS_ENABLE /D _EXTERNAL_DLL_EXT=.dll /D VPCGAMECAPS=TF2VINTAGE /D "PROJECTDIR=C:\Program Files (x86)\Steam\steamapps\common\Source SDK Base 2013 Multiplayer\dev\Ultra-Fortress\src\game\client" /D _DLL_EXT=.dll /D SOURCE1=1 /D VPCGAME=tf2vintage /GF /Gm- /MT /GS /Gy /arch:SSE /fp:fast /Zc:wchar_t /Zc:forScope /GR /Yu"cbase.h" /Fp".\Release_tf2vintage\/client.pch" /Fo".\Release_tf2vintage\/" /Fd".\Release_tf2vintage\/vc120.pdb" /Gd /TP /wd4819 /wd4316 /analyze- /FC /errorReport:prompt /Zm200 /Zo /Gw /Zc:inline ..\..\game\shared\tf\tf_player_shared.cpp
         tf_player_shared.cpp
       Link:
         C:\Program Files (x86)\Microsoft Visual Studio 12.0\VC\bin\link.exe /ERRORREPORT:PROMPT /OUT:".\Release_tf2vintage\\client.dll" /INCREMENTAL:NO /NOLOGO /LIBPATH:..\..\lib\common\. /LIBPATH:..\..\lib\public\. shell32.lib user32.lib advapi32.lib gdi32.lib comdlg32.lib ole32.lib winmm.lib /NODEFAULTLIB:libc /NODEFAULTLIB:libcd /NODEFAULTLIB:libcmtd /NODEFAULTLIB:libcpmtd /NODEFAULTLIB:libcpmtd0 /NODEFAULTLIB:libcpmtd1 /MANIFEST:NO /DEBUG /PDB:".\Release_tf2vintage\/client.pdb" /SUBSYSTEM:WINDOWS /OPT:REF /OPT:NOICF /TLBID:1 /DYNAMICBASE:NO /NXCOMPAT /MACHINE:X86 /SAFESEH:NO  /ignore:4221 /DLL .\Release_tf2vintage\\pointeroverride.obj
         .\Release_tf2vintage\/tf_weaponbase_grenade.obj
         .\Release_tf2vintage\/tf_weapon_grenade_normal.obj
         .\Release_tf2vintage\/tf_weapon_milkrifle.obj
         .\Release_tf2vintage\/tf_weapon_nailgun.obj
         .\Release_tf2vintage\/tf_weapon_razorback.obj
         .\Release_tf2vintage\/mp3player.obj
         .\Release_tf2vintage\/cdll_replay.obj
         .\Release_tf2vintage\/replaycamera.obj
         .\Release_tf2vintage\/achievement_notification_panel.obj
         .\Release_tf2vintage\/achievement_saverestore.obj
         .\Release_tf2vintage\/achievementmgr.obj
         .\Release_tf2vintage\/achievements_hlx.obj
         .\Release_tf2vintage\/activitylist.obj
         .\Release_tf2vintage\/alphamaterialproxy.obj
         .\Release_tf2vintage\/ammodef.obj
         .\Release_tf2vintage\/animatedentitytextureproxy.obj
         .\Release_tf2vintage\/animatedoffsettextureproxy.obj
         .\Release_tf2vintage\/animatedtextureproxy.obj
         .\Release_tf2vintage\/AnimateSpecificTextureProxy.obj
         .\Release_tf2vintage\/animation.obj
         .\Release_tf2vintage\/base_playeranimstate.obj
         .\Release_tf2vintage\/baseachievement.obj
         .\Release_tf2vintage\/baseanimatedtextureproxy.obj
         .\Release_tf2vintage\/baseclientrendertargets.obj
         .\Release_tf2vintage\/basecombatcharacter_shared.obj
         .\Release_tf2vintage\/basecombatweapon_shared.obj
         .\Release_tf2vintage\/baseentity_shared.obj
         .\Release_tf2vintage\/basegrenade_shared.obj
         .\Release_tf2vintage\/baseparticleentity.obj
         .\Release_tf2vintage\/baseplayer_shared.obj
         .\Release_tf2vintage\/basepresence.obj
         .\Release_tf2vintage\/baseprojectile.obj
         .\Release_tf2vintage\/baseviewmodel_shared.obj
         .\Release_tf2vintage\/beam_shared.obj
         .\Release_tf2vintage\/beamdraw.obj
         .\Release_tf2vintage\/bone_accessor.obj
         .\Release_tf2vintage\/bone_merge_cache.obj
         .\Release_tf2vintage\/bone_setup.obj
         .\Release_tf2vintage\/bsp_utils.obj
         .\Release_tf2vintage\/c_ai_basehumanoid.obj
         .\Release_tf2vintage\/c_ai_basenpc.obj
         .\Release_tf2vintage\/c_baseanimating.obj
         .\Release_tf2vintage\/c_baseanimatingoverlay.obj
         .\Release_tf2vintage\/c_basecombatcharacter.obj
         .\Release_tf2vintage\/c_basecombatweapon.obj
         .\Release_tf2vintage\/c_basedoor.obj
         .\Release_tf2vintage\/c_baseentity.obj
         .\Release_tf2vintage\/c_baseflex.obj
         .\Release_tf2vintage\/c_baseplayer.obj
         .\Release_tf2vintage\/c_baseviewmodel.obj
         .\Release_tf2vintage\/c_breakableprop.obj
         .\Release_tf2vintage\/c_colorcorrection.obj
         .\Release_tf2vintage\/c_colorcorrectionvolume.obj
         .\Release_tf2vintage\/c_dynamiclight.obj
         .\Release_tf2vintage\/c_entitydissolve.obj
         .\Release_tf2vintage\/c_entityparticletrail.obj
         .\Release_tf2vintage\/c_env_fog_controller.obj
         .\Release_tf2vintage\/c_env_particlescript.obj
         .\Release_tf2vintage\/c_env_projectedtexture.obj
         .\Release_tf2vintage\/c_env_screenoverlay.obj
         .\Release_tf2vintage\/c_env_tonemap_controller.obj
         .\Release_tf2vintage\/c_fire_smoke.obj
         .\Release_tf2vintage\/c_fish.obj
         .\Release_tf2vintage\/c_func_areaportalwindow.obj
         .\Release_tf2vintage\/c_func_breakablesurf.obj
         .\Release_tf2vintage\/c_func_conveyor.obj
         .\Release_tf2vintage\/c_func_dust.obj
         .\Release_tf2vintage\/c_func_lod.obj
         .\Release_tf2vintage\/C_Func_Monitor.obj
         .\Release_tf2vintage\/c_func_occluder.obj
         .\Release_tf2vintage\/c_func_reflective_glass.obj
         .\Release_tf2vintage\/c_func_rotating.obj
         .\Release_tf2vintage\/c_func_smokevolume.obj
         .\Release_tf2vintage\/c_func_tracktrain.obj
         .\Release_tf2vintage\/c_gib.obj
         .\Release_tf2vintage\/c_hairball.obj
         .\Release_tf2vintage\/c_info_overlay_accessor.obj
         .\Release_tf2vintage\/c_lightglow.obj
         .\Release_tf2vintage\/C_MaterialModifyControl.obj
         .\Release_tf2vintage\/c_particle_system.obj
         .\Release_tf2vintage\/c_physbox.obj
         .\Release_tf2vintage\/c_physicsprop.obj
         .\Release_tf2vintage\/c_physmagnet.obj
         .\Release_tf2vintage\/c_pixel_visibility.obj
         .\Release_tf2vintage\/c_plasma.obj
         .\Release_tf2vintage\/c_playerresource.obj
         .\Release_tf2vintage\/c_point_camera.obj
         .\Release_tf2vintage\/c_point_commentary_node.obj
         .\Release_tf2vintage\/c_props.obj
         .\Release_tf2vintage\/c_ragdoll_manager.obj
         .\Release_tf2vintage\/c_rope.obj
         .\Release_tf2vintage\/c_rumble.obj
         .\Release_tf2vintage\/c_sceneentity.obj
         .\Release_tf2vintage\/c_shadowcontrol.obj
         .\Release_tf2vintage\/c_slideshow_display.obj
         .\Release_tf2vintage\/c_soundscape.obj
         .\Release_tf2vintage\/c_spotlight_end.obj
         .\Release_tf2vintage\/c_sprite.obj
         .\Release_tf2vintage\/c_sprite_perfmonitor.obj
         .\Release_tf2vintage\/c_sun.obj
         .\Release_tf2vintage\/c_team.obj
         .\Release_tf2vintage\/c_team_objectiveresource.obj
         .\Release_tf2vintage\/c_team_train_watcher.obj
         .\Release_tf2vintage\/c_tesla.obj
         .\Release_tf2vintage\/c_test_proxytoggle.obj
         .\Release_tf2vintage\/c_user_message_register.obj
         .\Release_tf2vintage\/c_vehicle_choreo_generic.obj
         .\Release_tf2vintage\/c_vehicle_jeep.obj
         .\Release_tf2vintage\/c_vguiscreen.obj
         .\Release_tf2vintage\/c_vote_controller.obj
         .\Release_tf2vintage\/c_waterbullet.obj
         .\Release_tf2vintage\/C_WaterLODControl.obj
         .\Release_tf2vintage\/c_world.obj
         .\Release_tf2vintage\/cam_thirdperson.obj
         .\Release_tf2vintage\/camomaterialproxy.obj
         .\Release_tf2vintage\/cdll_bounded_cvars.obj
         .\Release_tf2vintage\/cdll_client_int.obj
         .\Release_tf2vintage\/cdll_util.obj
         .\Release_tf2vintage\/cl_mat_stub.obj
         .\Release_tf2vintage\/classmap.obj
         .\Release_tf2vintage\/client_class.obj
         .\Release_tf2vintage\/client_factorylist.obj
         .\Release_tf2vintage\/client_thinklist.obj
         .\Release_tf2vintage\/client_virtualreality.obj
         .\Release_tf2vintage\/clienteffectprecachesystem.obj
         .\Release_tf2vintage\/cliententitylist.obj
         .\Release_tf2vintage\/clientleafsystem.obj
         .\Release_tf2vintage\/clientmode_shared.obj
         .\Release_tf2vintage\/clientshadowmgr.obj
         .\Release_tf2vintage\/clientsideeffects.obj
         .\Release_tf2vintage\/clientsideeffects_test.obj
         .\Release_tf2vintage\/clientsteamcontext.obj
         .\Release_tf2vintage\/collisionproperty.obj
         .\Release_tf2vintage\/collisionutils.obj
         .\Release_tf2vintage\/colorcorrectionmgr.obj
         .\Release_tf2vintage\/commentary_modelviewer.obj
         .\Release_tf2vintage\/compiledcaptionswap.obj
         .\Release_tf2vintage\/crtmemdebug.obj
         .\Release_tf2vintage\/death_pose.obj
         .\Release_tf2vintage\/debugoverlay_shared.obj
         .\Release_tf2vintage\/decals.obj
         .\Release_tf2vintage\/detailobjectsystem.obj
         .\Release_tf2vintage\/dt_recv.obj
         .\Release_tf2vintage\/dt_utlvector_common.obj
         .\Release_tf2vintage\/dt_utlvector_recv.obj
         .\Release_tf2vintage\/dummyproxy.obj
         .\Release_tf2vintage\/effect_dispatch_data.obj
         .\Release_tf2vintage\/EffectsClient.obj
         .\Release_tf2vintage\/ehandle.obj
         .\Release_tf2vintage\/entitylist_base.obj
         .\Release_tf2vintage\/entityoriginmaterialproxy.obj
         .\Release_tf2vintage\/EntityParticleTrail_Shared.obj
         .\Release_tf2vintage\/env_detail_controller.obj
         .\Release_tf2vintage\/env_wind_shared.obj
         .\Release_tf2vintage\/eventlist.obj
         .\Release_tf2vintage\/filesystem_helpers.obj
         .\Release_tf2vintage\/flashlighteffect.obj
         .\Release_tf2vintage\/func_ladder.obj
         .\Release_tf2vintage\/functionproxy.obj
         .\Release_tf2vintage\/fx_blood.obj
         .\Release_tf2vintage\/fx_cube.obj
         .\Release_tf2vintage\/fx_explosion.obj
         .\Release_tf2vintage\/fx_fleck.obj
         .\Release_tf2vintage\/fx_impact.obj
         .\Release_tf2vintage\/fx_interpvalue.obj
         .\Release_tf2vintage\/fx_quad.obj
         .\Release_tf2vintage\/fx_shelleject.obj
         .\Release_tf2vintage\/fx_staticline.obj
         .\Release_tf2vintage\/fx_tracer.obj
         .\Release_tf2vintage\/fx_trail.obj
         .\Release_tf2vintage\/fx_water.obj
         .\Release_tf2vintage\/gamemovement.obj
         .\Release_tf2vintage\/gamerules.obj
         .\Release_tf2vintage\/gamerules_register.obj
         .\Release_tf2vintage\/GameStats.obj
         .\Release_tf2vintage\/gamestringpool.obj
         .\Release_tf2vintage\/gametrace_client.obj
         .\Release_tf2vintage\/gamevars_shared.obj
         .\Release_tf2vintage\/geiger.obj
         .\Release_tf2vintage\/glow_outline_effect.obj
         .\Release_tf2vintage\/glow_overlay.obj
         .\Release_tf2vintage\/haptic_msgs.obj
         .\Release_tf2vintage\/haptic_utils.obj
         .\Release_tf2vintage\/hintmessage.obj
         .\Release_tf2vintage\/hintsystem.obj
         .\Release_tf2vintage\/history_resource.obj
         .\Release_tf2vintage\/hltvcamera.obj
         .\Release_tf2vintage\/hud.obj
         .\Release_tf2vintage\/hud_animationinfo.obj
         .\Release_tf2vintage\/hud_autoaim.obj
         .\Release_tf2vintage\/hud_base_account.obj
         .\Release_tf2vintage\/hud_basechat.obj
         .\Release_tf2vintage\/hud_basedeathnotice.obj
         .\Release_tf2vintage\/hud_basetimer.obj
         .\Release_tf2vintage\/hud_bitmapnumericdisplay.obj
         .\Release_tf2vintage\/hud_closecaption.obj
         .\Release_tf2vintage\/hud_controlpointicons.obj
         .\Release_tf2vintage\/hud_crosshair.obj
         .\Release_tf2vintage\/hud_element_helper.obj
         .\Release_tf2vintage\/hud_filmdemo.obj
         .\Release_tf2vintage\/hud_hdrdemo.obj
         .\Release_tf2vintage\/hud_hintdisplay.obj
         .\Release_tf2vintage\/hud_lcd.obj
         .\Release_tf2vintage\/hud_msg.obj
         .\Release_tf2vintage\/hud_numericdisplay.obj
         .\Release_tf2vintage\/hud_pdump.obj
         .\Release_tf2vintage\/hud_redraw.obj
         .\Release_tf2vintage\/hud_vehicle.obj
         .\Release_tf2vintage\/hud_vguiscreencursor.obj
         .\Release_tf2vintage\/hud_voicestatus.obj
         .\Release_tf2vintage\/hud_vote.obj
         .\Release_tf2vintage\/hud_weapon.obj
         .\Release_tf2vintage\/igamesystem.obj
         .\Release_tf2vintage\/in_camera.obj
         .\Release_tf2vintage\/in_joystick.obj
         .\Release_tf2vintage\/in_main.obj
         .\Release_tf2vintage\/in_mouse.obj
         .\Release_tf2vintage\/initializer.obj
         .\Release_tf2vintage\/interpolatedvar.obj
         .\Release_tf2vintage\/interpolatortypes.obj
         .\Release_tf2vintage\/interval.obj
         .\Release_tf2vintage\/IsNPCProxy.obj
         .\Release_tf2vintage\/jigglebones.obj
         .\Release_tf2vintage\/lampbeamproxy.obj
         .\Release_tf2vintage\/lamphaloproxy.obj
         .\Release_tf2vintage\/language.obj
         .\Release_tf2vintage\/mapentities_shared.obj
         .\Release_tf2vintage\/mathproxy.obj
         .\Release_tf2vintage\/matrixproxy.obj
         .\Release_tf2vintage\/memoverride.obj
         .\Release_tf2vintage\/menu.obj
         .\Release_tf2vintage\/message.obj
         .\Release_tf2vintage\/movehelper_client.obj
         .\Release_tf2vintage\/movevars_shared.obj
         .\Release_tf2vintage\/mp_shareddefs.obj
         .\Release_tf2vintage\/multiplay_gamerules.obj
         .\Release_tf2vintage\/mumble.obj
         .\Release_tf2vintage\/networkvar.obj
         .\Release_tf2vintage\/obstacle_pushaway.obj
         .\Release_tf2vintage\/panelmetaclassmgr.obj
         .\Release_tf2vintage\/particle_collision.obj
         .\Release_tf2vintage\/particle_litsmokeemitter.obj
         .\Release_tf2vintage\/particle_parse.obj
         .\Release_tf2vintage\/particle_property.obj
         .\Release_tf2vintage\/particle_proxies.obj
         .\Release_tf2vintage\/particle_simple3d.obj
         .\Release_tf2vintage\/particlemgr.obj
         .\Release_tf2vintage\/particles_attractor.obj
         .\Release_tf2vintage\/particles_ez.obj
         .\Release_tf2vintage\/particles_localspace.obj
         .\Release_tf2vintage\/particles_new.obj
         .\Release_tf2vintage\/particles_simple.obj
         .\Release_tf2vintage\/particlesystemquery.obj
         .\Release_tf2vintage\/perfvisualbenchmark.obj
         .\Release_tf2vintage\/physics.obj
         .\Release_tf2vintage\/physics_main_client.obj
         .\Release_tf2vintage\/physics_main_shared.obj
         .\Release_tf2vintage\/physics_saverestore.obj
         .\Release_tf2vintage\/physics_shared.obj
         .\Release_tf2vintage\/physpropclientside.obj
         .\Release_tf2vintage\/playerandobjectenumerator.obj
         .\Release_tf2vintage\/playerclass_info_parse.obj
         .\Release_tf2vintage\/playerspawncache.obj
         .\Release_tf2vintage\/point_bonusmaps_accessor.obj
         .\Release_tf2vintage\/point_posecontroller.obj
         .\Release_tf2vintage\/posedebugger.obj
         .\Release_tf2vintage\/precache_register.obj
         .\Release_tf2vintage\/predictableid.obj
         .\Release_tf2vintage\/prediction.obj
         .\Release_tf2vintage\/predictioncopy.obj
         .\Release_tf2vintage\/props_shared.obj
         .\Release_tf2vintage\/proxyentity.obj
         .\Release_tf2vintage\/ProxyHealth.obj
         .\Release_tf2vintage\/proxyplayer.obj
         .\Release_tf2vintage\/proxypupil.obj
         .\Release_tf2vintage\/ragdoll.obj
         .\Release_tf2vintage\/ragdoll_shared.obj
         .\Release_tf2vintage\/randoverride.obj
         .\Release_tf2vintage\/recvproxy.obj
         .\Release_tf2vintage\/renamed_recvtable_compat.obj
         .\Release_tf2vintage\/rendertexture.obj
         .\Release_tf2vintage\/rope_helpers.obj
         .\Release_tf2vintage\/rope_physics.obj
         .\Release_tf2vintage\/saverestore.obj
         .\Release_tf2vintage\/sceneentity_shared.obj
         .\Release_tf2vintage\/scratchpad3d.obj
         .\Release_tf2vintage\/ScratchPadUtils.obj
         .\Release_tf2vintage\/ScreenSpaceEffects.obj
         .\Release_tf2vintage\/sentence.obj
         .\Release_tf2vintage\/sequence_Transitioner.obj
         .\Release_tf2vintage\/sheetsimulator.obj
         .\Release_tf2vintage\/simple_keys.obj
         .\Release_tf2vintage\/simple_physics.obj
         .\Release_tf2vintage\/simtimer.obj
         .\Release_tf2vintage\/singleplay_gamerules.obj
         .\Release_tf2vintage\/SoundEmitterSystem.obj
         .\Release_tf2vintage\/soundenvelope.obj
         .\Release_tf2vintage\/SoundParametersInternal.obj
         .\Release_tf2vintage\/splinepatch.obj
         .\Release_tf2vintage\/Sprite.obj
         .\Release_tf2vintage\/spritemodel.obj
         .\Release_tf2vintage\/SpriteTrail.obj
         .\Release_tf2vintage\/stringregistry.obj
         .\Release_tf2vintage\/studio.obj
         .\Release_tf2vintage\/studio_shared.obj
         .\Release_tf2vintage\/studio_stats.obj
         .\Release_tf2vintage\/takedamageinfo.obj
         .\Release_tf2vintage\/TeamBitmapImage.obj
         .\Release_tf2vintage\/teamplay_gamerules.obj
         .\Release_tf2vintage\/teamplay_round_timer.obj
         .\Release_tf2vintage\/teamplayroundbased_gamerules.obj
         .\Release_tf2vintage\/test_ehandle.obj
         .\Release_tf2vintage\/text_message.obj
         .\Release_tf2vintage\/texturescrollmaterialproxy.obj
         .\Release_tf2vintage\/timematerialproxy.obj
         .\Release_tf2vintage\/toggletextureproxy.obj
         .\Release_tf2vintage\/train.obj
         .\Release_tf2vintage\/usercmd.obj
         .\Release_tf2vintage\/usermessages.obj
         .\Release_tf2vintage\/util_shared.obj
         .\Release_tf2vintage\/vallocator.obj
         .\Release_tf2vintage\/vehicle_viewblend_shared.obj
         .\Release_tf2vintage\/ver_panel.obj
         .\Release_tf2vintage\/vgui_avatarimage.obj
         .\Release_tf2vintage\/vgui_basepanel.obj
         .\Release_tf2vintage\/vgui_bitmapbutton.obj
         .\Release_tf2vintage\/vgui_bitmapimage.obj
         .\Release_tf2vintage\/vgui_bitmappanel.obj
         .\Release_tf2vintage\/vgui_centerstringpanel.obj
         .\Release_tf2vintage\/vgui_consolepanel.obj
         .\Release_tf2vintage\/vgui_controls.obj
         .\Release_tf2vintage\/vgui_debugoverlaypanel.obj
         .\Release_tf2vintage\/vgui_fpspanel.obj
         .\Release_tf2vintage\/vgui_game_viewport.obj
         .\Release_tf2vintage\/vgui_grid.obj
         .\Release_tf2vintage\/vgui_int.obj
         .\Release_tf2vintage\/vgui_loadingdiscpanel.obj
         .\Release_tf2vintage\/vgui_messagechars.obj
         .\Release_tf2vintage\/vgui_netgraphpanel.obj
         .\Release_tf2vintage\/vgui_schemevisualizer.obj
         .\Release_tf2vintage\/vgui_slideshow_display_screen.obj
         .\Release_tf2vintage\/vgui_video.obj
         .\Release_tf2vintage\/vgui_video_player.obj
         .\Release_tf2vintage\/view.obj
         .\Release_tf2vintage\/view_beams.obj
         .\Release_tf2vintage\/view_effects.obj
         .\Release_tf2vintage\/view_scene.obj
         .\Release_tf2vintage\/viewangleanim.obj
         .\Release_tf2vintage\/ViewConeImage.obj
         .\Release_tf2vintage\/viewdebug.obj
         .\Release_tf2vintage\/viewpostprocess.obj
         .\Release_tf2vintage\/viewrender.obj
         .\Release_tf2vintage\/voice_banmgr.obj
         .\Release_tf2vintage\/voice_menu.obj
         .\Release_tf2vintage\/voice_status.obj
         .\Release_tf2vintage\/warp_overlay.obj
         .\Release_tf2vintage\/WaterLODMaterialProxy.obj
         .\Release_tf2vintage\/weapon_parse.obj
         .\Release_tf2vintage\/weapon_selection.obj
         .\Release_tf2vintage\/weapons_resource.obj
         .\Release_tf2vintage\/WorldDimsProxy.obj
         .\Release_tf2vintage\/attribute_manager.obj
         .\Release_tf2vintage\/econ_entity.obj
         .\Release_tf2vintage\/econ_item_schema.obj
         .\Release_tf2vintage\/econ_item_system.obj
         .\Release_tf2vintage\/econ_item_view.obj
         .\Release_tf2vintage\/econ_wearable.obj
         .\Release_tf2vintage\/basemodel_panel.obj
         .\Release_tf2vintage\/basemodelpanel.obj
         .\Release_tf2vintage\/baseviewport.obj
         .\Release_tf2vintage\/buymenu.obj
         .\Release_tf2vintage\/buysubmenu.obj
         .\Release_tf2vintage\/classmenu.obj
         .\Release_tf2vintage\/ClientScoreBoardDialog.obj
         .\Release_tf2vintage\/commandmenu.obj
         .\Release_tf2vintage\/IconPanel.obj
         .\Release_tf2vintage\/intromenu.obj
         .\Release_tf2vintage\/MapOverview.obj
         .\Release_tf2vintage\/NavProgress.obj
         .\Release_tf2vintage\/SpectatorGUI.obj
         .\Release_tf2vintage\/teammenu.obj
         .\Release_tf2vintage\/vguitextwindow.obj
         .\Release_tf2vintage\/multiplayer_animstate.obj
         .\Release_tf2vintage\/stdafx.obj
         .\Release_tf2vintage\/in_sixense.obj
         .\Release_tf2vintage\/in_sixense_gesture_bindings.obj
         .\Release_tf2vintage\/sixense_convars.obj
         .\Release_tf2vintage\/c_basetempentity.obj
         .\Release_tf2vintage\/c_effects.obj
         .\Release_tf2vintage\/c_impact_effects.obj
         .\Release_tf2vintage\/c_movie_explosion.obj
         .\Release_tf2vintage\/c_particle_fire.obj
         .\Release_tf2vintage\/c_particle_smokegrenade.obj
         .\Release_tf2vintage\/c_prop_vehicle.obj
         .\Release_tf2vintage\/c_recipientfilter.obj
         .\Release_tf2vintage\/c_smoke_trail.obj
         .\Release_tf2vintage\/c_smokestack.obj
         .\Release_tf2vintage\/c_steamjet.obj
         .\Release_tf2vintage\/c_stickybolt.obj
         .\Release_tf2vintage\/c_te.obj
         .\Release_tf2vintage\/c_te_armorricochet.obj
         .\Release_tf2vintage\/c_te_basebeam.obj
         .\Release_tf2vintage\/c_te_beamentpoint.obj
         .\Release_tf2vintage\/c_te_beaments.obj
         .\Release_tf2vintage\/c_te_beamfollow.obj
         .\Release_tf2vintage\/c_te_beamlaser.obj
         .\Release_tf2vintage\/c_te_beampoints.obj
         .\Release_tf2vintage\/c_te_beamring.obj
         .\Release_tf2vintage\/c_te_beamringpoint.obj
         .\Release_tf2vintage\/c_te_beamspline.obj
         .\Release_tf2vintage\/c_te_bloodsprite.obj
         .\Release_tf2vintage\/c_te_bloodstream.obj
         .\Release_tf2vintage\/c_te_breakmodel.obj
         .\Release_tf2vintage\/c_te_bspdecal.obj
         .\Release_tf2vintage\/c_te_bubbles.obj
         .\Release_tf2vintage\/c_te_bubbletrail.obj
         .\Release_tf2vintage\/c_te_clientprojectile.obj
         .\Release_tf2vintage\/c_te_decal.obj
         .\Release_tf2vintage\/c_te_dynamiclight.obj
         .\Release_tf2vintage\/c_te_effect_dispatch.obj
         .\Release_tf2vintage\/c_te_energysplash.obj
         .\Release_tf2vintage\/c_te_explosion.obj
         .\Release_tf2vintage\/c_te_fizz.obj
         .\Release_tf2vintage\/c_te_footprint.obj
         .\Release_tf2vintage\/c_te_glassshatter.obj
         .\Release_tf2vintage\/c_te_glowsprite.obj
         .\Release_tf2vintage\/c_te_impact.obj
         .\Release_tf2vintage\/c_te_killplayerattachments.obj
         .\Release_tf2vintage\/c_te_largefunnel.obj
         .\Release_tf2vintage\/c_te_legacytempents.obj
         .\Release_tf2vintage\/c_te_muzzleflash.obj
         .\Release_tf2vintage\/c_te_particlesystem.obj
         .\Release_tf2vintage\/c_te_physicsprop.obj
         .\Release_tf2vintage\/c_te_playerdecal.obj
         .\Release_tf2vintage\/c_te_projecteddecal.obj
         .\Release_tf2vintage\/c_te_showline.obj
         .\Release_tf2vintage\/c_te_smoke.obj
         .\Release_tf2vintage\/c_te_sparks.obj
         .\Release_tf2vintage\/c_te_sprite.obj
         .\Release_tf2vintage\/c_te_spritespray.obj
         .\Release_tf2vintage\/c_te_worlddecal.obj
         .\Release_tf2vintage\/c_testtraceline.obj
         .\Release_tf2vintage\/c_tracer.obj
         .\Release_tf2vintage\/fx.obj
         .\Release_tf2vintage\/fx_discreetline.obj
         .\Release_tf2vintage\/fx_envelope.obj
         .\Release_tf2vintage\/fx_line.obj
         .\Release_tf2vintage\/fx_sparks.obj
         .\Release_tf2vintage\/particlesphererenderer.obj
         .\Release_tf2vintage\/smoke_fog_overlay.obj
         .\Release_tf2vintage\/c_baseobject.obj
         .\Release_tf2vintage\/c_func_capture_zone.obj
         .\Release_tf2vintage\/c_func_respawnroom.obj
         .\Release_tf2vintage\/c_obj_dispenser.obj
         .\Release_tf2vintage\/c_obj_sapper.obj
         .\Release_tf2vintage\/c_obj_sentrygun.obj
         .\Release_tf2vintage\/c_obj_teleporter.obj
         .\Release_tf2vintage\/c_playerattachedmodel.obj
         .\Release_tf2vintage\/c_sdkversionchecker.obj
         .\Release_tf2vintage\/c_tf_ammo_pack.obj
         .\Release_tf2vintage\/c_tf_fx.obj
         .\Release_tf2vintage\/c_tf_objective_resource.obj
         .\Release_tf2vintage\/c_tf_player.obj
         .\Release_tf2vintage\/c_tf_playerresource.obj
         .\Release_tf2vintage\/c_tf_projectile_rocket.obj
         .\Release_tf2vintage\/c_tf_team.obj
         .\Release_tf2vintage\/c_tf_vehicle_jeep.obj
         .\Release_tf2vintage\/c_tf_viewmodeladdon.obj
         .\Release_tf2vintage\/c_tf_weapon_builder.obj
         .\Release_tf2vintage\/clientmode_tf.obj
         .\Release_tf2vintage\/econ_notifications.obj
         .\Release_tf2vintage\/teammaterialproxy.obj
         .\Release_tf2vintage\/tf_fx_blood.obj
         .\Release_tf2vintage\/tf_fx_ejectbrass.obj
         .\Release_tf2vintage\/tf_fx_explosions.obj
         .\Release_tf2vintage\/tf_fx_impacts.obj
         .\Release_tf2vintage\/tf_fx_muzzleflash.obj
         .\Release_tf2vintage\/tf_fx_particleeffect.obj
         .\Release_tf2vintage\/tf_fx_taunteffects.obj
         .\Release_tf2vintage\/tf_fx_tracers.obj
         .\Release_tf2vintage\/tf_hud_account.obj
         .\Release_tf2vintage\/tf_hud_ammostatus.obj
         .\Release_tf2vintage\/tf_hud_bowcharge.obj
         .\Release_tf2vintage\/tf_hud_building_status.obj
         .\Release_tf2vintage\/tf_hud_chat.obj
         .\Release_tf2vintage\/tf_hud_crosshair.obj
         .\Release_tf2vintage\/tf_hud_damageaccount_panel.obj
         .\Release_tf2vintage\/tf_hud_damageindicator.obj
         .\Release_tf2vintage\/tf_hud_deathnotice.obj
         .\Release_tf2vintage\/tf_hud_demomancharge.obj
         .\Release_tf2vintage\/tf_hud_demomanpipes.obj
         .\Release_tf2vintage\/tf_hud_disguise_status.obj
         .\Release_tf2vintage\/tf_hud_distance_meter.obj
         .\Release_tf2vintage\/tf_hud_escort.obj
         .\Release_tf2vintage\/tf_hud_flagstatus.obj
         .\Release_tf2vintage\/tf_hud_freezepanel.obj
         .\Release_tf2vintage\/tf_hud_itemeffectmeter.obj
         .\Release_tf2vintage\/tf_hud_mediccallers.obj
         .\Release_tf2vintage\/tf_hud_mediccharge.obj
         .\Release_tf2vintage\/tf_hud_menu_engy_build.obj
         .\Release_tf2vintage\/tf_hud_menu_engy_destroy.obj
         .\Release_tf2vintage\/tf_hud_menu_spy_disguise.obj
         .\Release_tf2vintage\/tf_hud_notification_panel.obj
         .\Release_tf2vintage\/tf_hud_objectivestatus.obj
         .\Release_tf2vintage\/tf_hud_playerstatus.obj
         .\Release_tf2vintage\/tf_hud_scope.obj
         .\Release_tf2vintage\/tf_hud_stalemate.obj
         .\Release_tf2vintage\/tf_hud_statpanel.obj
         .\Release_tf2vintage\/tf_hud_target_id.obj
         .\Release_tf2vintage\/tf_hud_teamgoal.obj
         .\Release_tf2vintage\/tf_hud_teamswitch.obj
         .\Release_tf2vintage\/tf_hud_waitingforplayers_panel.obj
         .\Release_tf2vintage\/tf_hud_weaponselection.obj
         .\Release_tf2vintage\/tf_hud_winpanel.obj
         .\Release_tf2vintage\/tf_input_main.obj
         .\Release_tf2vintage\/tf_notificationmanager.obj
         .\Release_tf2vintage\/tf_prediction.obj
         .\Release_tf2vintage\/tf_presence.obj
         .\Release_tf2vintage\/tf_steamstats.obj
         .\Release_tf2vintage\/tf_tips.obj
         .\Release_tf2vintage\/tf_viewrender.obj
         .\Release_tf2vintage\/achievements_tf.obj
         .\Release_tf2vintage\/baseobject_shared.obj
         .\Release_tf2vintage\/entity_capture_flag.obj
         .\Release_tf2vintage\/script_parser.obj
         .\Release_tf2vintage\/tf_fx_shared.obj
         .\Release_tf2vintage\/tf_gamemovement.obj
         .\Release_tf2vintage\/tf_gamerules.obj
         .\Release_tf2vintage\/tf_gamestats_shared.obj
         .\Release_tf2vintage\/tf_inventory.obj
         .\Release_tf2vintage\/tf_item.obj
         .\Release_tf2vintage\/tf_obj_baseupgrade_shared.obj
         .\Release_tf2vintage\/tf_player_shared.obj
         .\Release_tf2vintage\/tf_playeranimstate.obj
         .\Release_tf2vintage\/tf_playerclass_info_parse.obj
         .\Release_tf2vintage\/tf_playerclass_shared.obj
         .\Release_tf2vintage\/tf_projectile_base.obj
         .\Release_tf2vintage\/tf_projectile_nail.obj
         .\Release_tf2vintage\/tf_shareddefs.obj
         .\Release_tf2vintage\/tf_usermessages.obj
         .\Release_tf2vintage\/tf_viewmodel.obj
         .\Release_tf2vintage\/tf_wearable.obj
         .\Release_tf2vintage\/tf_weapon_bat.obj
         .\Release_tf2vintage\/tf_weapon_bonesaw.obj
         .\Release_tf2vintage\/tf_weapon_bottle.obj
         .\Release_tf2vintage\/tf_weapon_club.obj
         .\Release_tf2vintage\/tf_weapon_fireaxe.obj
         .\Release_tf2vintage\/tf_weapon_fists.obj
         .\Release_tf2vintage\/tf_weapon_flamethrower.obj
         .\Release_tf2vintage\/tf_weapon_grenade_pipebomb.obj
         .\Release_tf2vintage\/tf_weapon_grenadelauncher.obj
         .\Release_tf2vintage\/tf_weapon_invis.obj
         .\Release_tf2vintage\/tf_weapon_knife.obj
         .\Release_tf2vintage\/tf_weapon_medigun.obj
         .\Release_tf2vintage\/tf_weapon_minigun.obj
         .\Release_tf2vintage\/tf_weapon_parse.obj
         .\Release_tf2vintage\/tf_weapon_pda.obj
         .\Release_tf2vintage\/tf_weapon_pipebomblauncher.obj
         .\Release_tf2vintage\/tf_weapon_pistol.obj
         .\Release_tf2vintage\/tf_weapon_revolver.obj
         .\Release_tf2vintage\/tf_weapon_rocketlauncher.obj
         .\Release_tf2vintage\/tf_weapon_shotgun.obj
         .\Release_tf2vintage\/tf_weapon_shovel.obj
         .\Release_tf2vintage\/tf_weapon_smg.obj
         .\Release_tf2vintage\/tf_weapon_sniperrifle.obj
         .\Release_tf2vintage\/tf_weapon_syringegun.obj
         .\Release_tf2vintage\/tf_weapon_wrench.obj
         .\Release_tf2vintage\/tf_weaponbase.obj
         .\Release_tf2vintage\/tf_weaponbase_grenadeproj.obj
         .\Release_tf2vintage\/tf_weaponbase_gun.obj
         .\Release_tf2vintage\/tf_weaponbase_melee.obj
         .\Release_tf2vintage\/tf_weaponbase_rocket.obj
         .\Release_tf2vintage\/tf_projectile_arrow.obj
         .\Release_tf2vintage\/tf_projectile_flare.obj
         .\Release_tf2vintage\/tf_projectile_jar.obj
         .\Release_tf2vintage\/tf_projectile_stunball.obj
         .\Release_tf2vintage\/tf_weapon_bat_wood.obj
         .\Release_tf2vintage\/tf_weapon_buff_item.obj
         .\Release_tf2vintage\/tf_weapon_compound_bow.obj
         .\Release_tf2vintage\/tf_weapon_flaregun.obj
         .\Release_tf2vintage\/tf_weapon_grenade_mirv.obj
         .\Release_tf2vintage\/tf_weapon_jar.obj
         .\Release_tf2vintage\/tf_weapon_laser_pointer.obj
         .\Release_tf2vintage\/tf_weapon_lunchbox.obj
         .\Release_tf2vintage\/tf_weapon_lunchbox_drink.obj
         .\Release_tf2vintage\/tf_weapon_stickbomb.obj
         .\Release_tf2vintage\/tf_hud_health.obj
         .\Release_tf2vintage\/backgroundpanel.obj
         .\Release_tf2vintage\/ObjectControlPanel.obj
         .\Release_tf2vintage\/tf_classmenu.obj
         .\Release_tf2vintage\/tf_clientscoreboard.obj
         .\Release_tf2vintage\/tf_controls.obj
         .\Release_tf2vintage\/tf_imagepanel.obj
         .\Release_tf2vintage\/tf_intromenu.obj
         .\Release_tf2vintage\/tf_mainmenu.obj
         .\Release_tf2vintage\/tf_mainmenu_interface.obj
         .\Release_tf2vintage\/tf_mapinfomenu.obj
         .\Release_tf2vintage\/tf_roundinfo.obj
         .\Release_tf2vintage\/tf_spectatorgui.obj
         .\Release_tf2vintage\/tf_statsummary.obj
         .\Release_tf2vintage\/tf_teammenu.obj
         .\Release_tf2vintage\/tf_textwindow.obj
         .\Release_tf2vintage\/tf_vgui_video.obj
         .\Release_tf2vintage\/tf_viewport.obj
         .\Release_tf2vintage\/vgui_pda_panel.obj
         .\Release_tf2vintage\/vgui_rootpanel_tf.obj
         .\Release_tf2vintage\/vgui_rotation_slider.obj
         .\Release_tf2vintage\/tf_advbutton.obj
         .\Release_tf2vintage\/tf_advbuttonbase.obj
         .\Release_tf2vintage\/tf_advcheckbutton.obj
         .\Release_tf2vintage\/tf_advitembutton.obj
         .\Release_tf2vintage\/tf_advmodelpanel.obj
         .\Release_tf2vintage\/tf_advpanellistpanel.obj
         .\Release_tf2vintage\/tf_advslider.obj
         .\Release_tf2vintage\/tf_advtabs.obj
         .\Release_tf2vintage\/tf_cvarcombobox.obj
         .\Release_tf2vintage\/tf_cvarslider.obj
         .\Release_tf2vintage\/tf_cvartextentry.obj
         .\Release_tf2vintage\/tf_cvartogglecheckbutton.obj
         .\Release_tf2vintage\/tf_rotatingpanel.obj
         .\Release_tf2vintage\/tf_scriptobject.obj
         .\Release_tf2vintage\/tf_vcontrolslistpanel.obj
         .\Release_tf2vintage\/tf_backgroundpanel.obj
         .\Release_tf2vintage\/tf_dialogpanelbase.obj
         .\Release_tf2vintage\/tf_itemtooltippanel.obj
         .\Release_tf2vintage\/tf_loadoutpanel.obj
         .\Release_tf2vintage\/tf_mainmenupanel.obj
         .\Release_tf2vintage\/tf_menupanelbase.obj
         .\Release_tf2vintage\/tf_optionsadvancedpanel.obj
         .\Release_tf2vintage\/tf_optionsaudiopanel.obj
         .\Release_tf2vintage\/tf_optionsdialog.obj
         .\Release_tf2vintage\/tf_optionskeyboardpanel.obj
         .\Release_tf2vintage\/tf_optionsmousepanel.obj
         .\Release_tf2vintage\/tf_optionsvideopanel.obj
         .\Release_tf2vintage\/tf_pausemenupanel.obj
         .\Release_tf2vintage\/tf_quitdialogpanel.obj
         .\Release_tf2vintage\/tf_shadebackgroundpanel.obj
         .\Release_tf2vintage\/tf_statsummarydialog.obj
         .\Release_tf2vintage\/tf_tooltippanel.obj
         .\Release_tf2vintage\/tf_overview.obj
         .\Release_tf2vintage\/bonelist.obj
         .\Release_tf2vintage\/entity_client_tools.obj
         .\Release_tf2vintage\/toolframework_client.obj
         ..\..\lib\public\bitmap.lib
         ..\..\lib\public\choreoobjects.lib
         ..\..\lib\public\dmxloader.lib
         ..\..\lib\common\libcurl.lib
         ..\..\lib\public\libprotobuf.lib
         ..\..\lib\public\libz.lib
         ..\..\lib\public\mathlib.lib
         ..\..\lib\public\matsys_controls.lib
         ..\..\lib\public\particles.lib
         ..\..\lib\public\steam_api.lib
         ..\..\lib\public\tier0.lib
         ..\..\lib\public\tier1.lib
         ..\..\lib\public\tier2.lib
         ..\..\lib\public\tier3.lib
         ..\..\lib\public\vgui_controls.lib
         ..\..\lib\public\vstdlib.lib
         ..\..\lib\public\vtf.lib
            Creating library .\Release_tf2vintage\\client.lib and object .\Release_tf2vintage\\client.exp
         client_tf2vintage.vcxproj -> C:\Program Files (x86)\Steam\steamapps\common\Source SDK Base 2013 Multiplayer\dev\Ultra-Fortress\src\game\client\.\Release_tf2vintage\client.dll
       PostBuildEvent:
         if not exist "..\..\..\game\tf2vintage\bin\." mkdir "..\..\..\game\tf2vintage\bin\."
         copy "C:\Program Files (x86)\Steam\steamapps\common\Source SDK Base 2013 Multiplayer\dev\Ultra-Fortress\src\game\client\Release_tf2vintage\client.dll" "..\..\..\game\tf2vintage\bin\.\client.dll"
         if ERRORLEVEL 1 goto BuildEventFailed
         if exist "C:\Program Files (x86)\Steam\steamapps\common\Source SDK Base 2013 Multiplayer\dev\Ultra-Fortress\src\game\client\Release_tf2vintage\client.map" copy "C:\Program Files (x86)\Steam\steamapps\common\Source SDK Base 2013 Multiplayer\dev\Ultra-Fortress\src\game\client\Release_tf2vintage\client.map" ..\..\..\game\tf2vintage\bin\.\client.map
         copy "C:\Program Files (x86)\Steam\steamapps\common\Source SDK Base 2013 Multiplayer\dev\Ultra-Fortress\src\game\client\Release_tf2vintage\client.pdb" ..\..\..\game\tf2vintage\bin\.\client.pdb
         if ERRORLEVEL 1 goto BuildEventFailed
         goto BuildEventOK
         :BuildEventFailed
         echo *** ERROR! PostBuildStep FAILED for Client (TF)! EXE or DLL is probably running. ***
         del /q "C:\Program Files (x86)\Steam\steamapps\common\Source SDK Base 2013 Multiplayer\dev\Ultra-Fortress\src\game\client\Release_tf2vintage\client.dll"
         exit 1
         :BuildEventOK
         
         :VCEnd
                 1개 파일이 복사되었습니다.
                 1개 파일이 복사되었습니다.
     1>Done Building Project "C:\Program Files (x86)\Steam\steamapps\common\Source SDK Base 2013 Multiplayer\dev\Ultra-Fortress\src\game\client\client_tf2vintage.vcxproj" (Build target(s)).

Build succeeded.

Time Elapsed 00:00:05.91
