c:\program files (x86)\steam\steamapps\common\source sdk base 2013 multiplayer\dev\ultra-fortress\src\game\server\release_tf2vintage\gamehandle.obj
c:\program files (x86)\steam\steamapps\common\source sdk base 2013 multiplayer\dev\ultra-fortress\src\game\server\release_tf2vintage\server_class.obj
c:\program files (x86)\steam\steamapps\common\source sdk base 2013 multiplayer\dev\ultra-fortress\src\game\server\release_tf2vintage\keyframe.obj
c:\program files (x86)\steam\steamapps\common\source sdk base 2013 multiplayer\dev\ultra-fortress\src\game\server\release_tf2vintage\stringregistry.obj
c:\program files (x86)\steam\steamapps\common\source sdk base 2013 multiplayer\dev\ultra-fortress\src\game\server\release_tf2vintage\init_factory.obj
c:\program files (x86)\steam\steamapps\common\source sdk base 2013 multiplayer\dev\ultra-fortress\src\game\server\release_tf2vintage\memoverride.obj
c:\program files (x86)\steam\steamapps\common\source sdk base 2013 multiplayer\dev\ultra-fortress\src\game\server\release_tf2vintage\h_export.obj
c:\program files (x86)\steam\steamapps\common\source sdk base 2013 multiplayer\dev\ultra-fortress\src\game\server\release_tf2vintage\dt_send.obj
c:\program files (x86)\steam\steamapps\common\source sdk base 2013 multiplayer\dev\ultra-fortress\src\game\server\release_tf2vintage\sheetsimulator.obj
c:\program files (x86)\steam\steamapps\common\source sdk base 2013 multiplayer\dev\ultra-fortress\src\game\server\release_tf2vintage\interval.obj
c:\program files (x86)\steam\steamapps\common\source sdk base 2013 multiplayer\dev\ultra-fortress\src\game\server\release_tf2vintage\randoverride.obj
c:\program files (x86)\steam\steamapps\common\source sdk base 2013 multiplayer\dev\ultra-fortress\src\game\server\release_tf2vintage\interpolatortypes.obj
c:\program files (x86)\steam\steamapps\common\source sdk base 2013 multiplayer\dev\ultra-fortress\src\game\server\release_tf2vintage\rope_physics.obj
c:\program files (x86)\steam\steamapps\common\source sdk base 2013 multiplayer\dev\ultra-fortress\src\game\server\release_tf2vintage\language.obj
c:\program files (x86)\steam\steamapps\common\source sdk base 2013 multiplayer\dev\ultra-fortress\src\game\server\release_tf2vintage\networkvar.obj
c:\program files (x86)\steam\steamapps\common\source sdk base 2013 multiplayer\dev\ultra-fortress\src\game\server\release_tf2vintage\registry.obj
c:\program files (x86)\steam\steamapps\common\source sdk base 2013 multiplayer\dev\ultra-fortress\src\game\server\release_tf2vintage\filesystem_helpers.obj
c:\program files (x86)\steam\steamapps\common\source sdk base 2013 multiplayer\dev\ultra-fortress\src\game\server\release_tf2vintage\studio.obj
c:\program files (x86)\steam\steamapps\common\source sdk base 2013 multiplayer\dev\ultra-fortress\src\game\server\release_tf2vintage\dt_utlvector_common.obj
c:\program files (x86)\steam\steamapps\common\source sdk base 2013 multiplayer\dev\ultra-fortress\src\game\server\release_tf2vintage\scratchpad3d.obj
c:\program files (x86)\steam\steamapps\common\source sdk base 2013 multiplayer\dev\ultra-fortress\src\game\server\release_tf2vintage\collisionutils.obj
c:\program files (x86)\steam\steamapps\common\source sdk base 2013 multiplayer\dev\ultra-fortress\src\game\server\release_tf2vintage\editor_sendcommand.obj
c:\program files (x86)\steam\steamapps\common\source sdk base 2013 multiplayer\dev\ultra-fortress\src\game\server\release_tf2vintage\dt_utlvector_send.obj
c:\program files (x86)\steam\steamapps\common\source sdk base 2013 multiplayer\dev\ultra-fortress\src\game\server\release_tf2vintage\simple_physics.obj
c:\program files (x86)\steam\steamapps\common\source sdk base 2013 multiplayer\dev\ultra-fortress\src\game\server\release_tf2vintage\gamestats_basicstatsfunctions.obj
c:\program files (x86)\steam\steamapps\common\source sdk base 2013 multiplayer\dev\ultra-fortress\src\game\server\release_tf2vintage\bone_setup.obj
c:\program files (x86)\steam\steamapps\common\source sdk base 2013 multiplayer\dev\ultra-fortress\src\game\server\release_tf2vintage\map_utils.obj
c:\program files (x86)\steam\steamapps\common\source sdk base 2013 multiplayer\dev\ultra-fortress\src\game\server\release_tf2vintage\scratchpadutils.obj
c:\program files (x86)\steam\steamapps\common\source sdk base 2013 multiplayer\dev\ultra-fortress\src\game\server\release_tf2vintage\vc120.pdb
c:\program files (x86)\steam\steamapps\common\source sdk base 2013 multiplayer\dev\ultra-fortress\src\game\server\release_tf2vintage\tf_player_shared.obj
c:\program files (x86)\steam\steamapps\common\source sdk base 2013 multiplayer\dev\ultra-fortress\src\game\server\release_tf2vintage\tf_player.obj
c:\program files (x86)\steam\steamapps\common\source sdk base 2013 multiplayer\dev\ultra-fortress\src\game\server\release_tf2vintage\tf_inventory.obj
c:\program files (x86)\steam\steamapps\common\source sdk base 2013 multiplayer\dev\ultra-fortress\src\game\server\release_tf2vintage\tf_obj_sentrygun.obj
c:\program files (x86)\steam\steamapps\common\source sdk base 2013 multiplayer\dev\ultra-fortress\src\game\server\release_tf2vintage\tf_obj.obj
c:\program files (x86)\steam\steamapps\common\source sdk base 2013 multiplayer\dev\ultra-fortress\src\game\server\release_tf2vintage\tf_projectile_base.obj
c:\program files (x86)\steam\steamapps\common\source sdk base 2013 multiplayer\dev\ultra-fortress\src\game\server\release_tf2vintage\tf_weapon_club.obj
c:\program files (x86)\steam\steamapps\common\source sdk base 2013 multiplayer\dev\ultra-fortress\src\game\server\release_tf2vintage\tf_weapon_lunchbox.obj
c:\program files (x86)\steam\steamapps\common\source sdk base 2013 multiplayer\dev\ultra-fortress\src\game\server\release_tf2vintage\tf_weapon_rocketlauncher.obj
c:\program files (x86)\steam\steamapps\common\source sdk base 2013 multiplayer\dev\ultra-fortress\src\game\server\release_tf2vintage\client.obj
c:\program files (x86)\steam\steamapps\common\source sdk base 2013 multiplayer\dev\ultra-fortress\src\game\server\release_tf2vintage\entity_intermission.obj
c:\program files (x86)\steam\steamapps\common\source sdk base 2013 multiplayer\dev\ultra-fortress\src\game\server\release_tf2vintage\tf_gamestats.obj
c:\program files (x86)\steam\steamapps\common\source sdk base 2013 multiplayer\dev\ultra-fortress\src\game\server\release_tf2vintage\trigger_stun.obj
c:\program files (x86)\steam\steamapps\common\source sdk base 2013 multiplayer\dev\ultra-fortress\src\game\server\release_tf2vintage\tf_item.obj
c:\program files (x86)\steam\steamapps\common\source sdk base 2013 multiplayer\dev\ultra-fortress\src\game\server\release_tf2vintage\tf_projectile_stunball.obj
c:\program files (x86)\steam\steamapps\common\source sdk base 2013 multiplayer\dev\ultra-fortress\src\game\server\release_tf2vintage\tf_weapon_medigun.obj
c:\program files (x86)\steam\steamapps\common\source sdk base 2013 multiplayer\dev\ultra-fortress\src\game\server\release_tf2vintage\tf_wearable.obj
c:\program files (x86)\steam\steamapps\common\source sdk base 2013 multiplayer\dev\ultra-fortress\src\game\server\release_tf2vintage\physics_main.obj
c:\program files (x86)\steam\steamapps\common\source sdk base 2013 multiplayer\dev\ultra-fortress\src\game\server\release_tf2vintage\func_flagdetectionzone.obj
c:\program files (x86)\steam\steamapps\common\source sdk base 2013 multiplayer\dev\ultra-fortress\src\game\server\release_tf2vintage\tf_obj_dispenser.obj
c:\program files (x86)\steam\steamapps\common\source sdk base 2013 multiplayer\dev\ultra-fortress\src\game\server\release_tf2vintage\tf_weapon_builder.obj
c:\program files (x86)\steam\steamapps\common\source sdk base 2013 multiplayer\dev\ultra-fortress\src\game\server\release_tf2vintage\tf_gamemovement.obj
c:\program files (x86)\steam\steamapps\common\source sdk base 2013 multiplayer\dev\ultra-fortress\src\game\server\release_tf2vintage\tf_weapon_compound_bow.obj
c:\program files (x86)\steam\steamapps\common\source sdk base 2013 multiplayer\dev\ultra-fortress\src\game\server\release_tf2vintage\tf_weapon_minigun.obj
c:\program files (x86)\steam\steamapps\common\source sdk base 2013 multiplayer\dev\ultra-fortress\src\game\server\release_tf2vintage\tf_weapon_wrench.obj
c:\program files (x86)\steam\steamapps\common\source sdk base 2013 multiplayer\dev\ultra-fortress\src\game\server\release_tf2vintage\pathcorner.obj
c:\program files (x86)\steam\steamapps\common\source sdk base 2013 multiplayer\dev\ultra-fortress\src\game\server\release_tf2vintage\entity_game_text_tf.obj
c:\program files (x86)\steam\steamapps\common\source sdk base 2013 multiplayer\dev\ultra-fortress\src\game\server\release_tf2vintage\tf_ammo_pack.obj
c:\program files (x86)\steam\steamapps\common\source sdk base 2013 multiplayer\dev\ultra-fortress\src\game\server\release_tf2vintage\tf_playermove.obj
c:\program files (x86)\steam\steamapps\common\source sdk base 2013 multiplayer\dev\ultra-fortress\src\game\server\release_tf2vintage\tf_shareddefs.obj
c:\program files (x86)\steam\steamapps\common\source sdk base 2013 multiplayer\dev\ultra-fortress\src\game\server\release_tf2vintage\tf_weapon_knife.obj
c:\program files (x86)\steam\steamapps\common\source sdk base 2013 multiplayer\dev\ultra-fortress\src\game\server\release_tf2vintage\tf_weaponbase_grenadeproj.obj
c:\program files (x86)\steam\steamapps\common\source sdk base 2013 multiplayer\dev\ultra-fortress\src\game\server\release_tf2vintage\team_control_point_master.obj
c:\program files (x86)\steam\steamapps\common\source sdk base 2013 multiplayer\dev\ultra-fortress\src\game\server\release_tf2vintage\func_regenerate.obj
c:\program files (x86)\steam\steamapps\common\source sdk base 2013 multiplayer\dev\ultra-fortress\src\game\server\release_tf2vintage\tf_projectile_arrow.obj
c:\program files (x86)\steam\steamapps\common\source sdk base 2013 multiplayer\dev\ultra-fortress\src\game\server\release_tf2vintage\tf_weapon_bat_wood.obj
c:\program files (x86)\steam\steamapps\common\source sdk base 2013 multiplayer\dev\ultra-fortress\src\game\server\release_tf2vintage\tf_weapon_lunchbox_drink.obj
c:\program files (x86)\steam\steamapps\common\source sdk base 2013 multiplayer\dev\ultra-fortress\src\game\server\release_tf2vintage\tf_weapon_shovel.obj
c:\program files (x86)\steam\steamapps\common\source sdk base 2013 multiplayer\dev\ultra-fortress\src\game\server\release_tf2vintage\tf_weapon_nailgun.obj
c:\program files (x86)\steam\steamapps\common\source sdk base 2013 multiplayer\dev\ultra-fortress\src\game\server\release_tf2vintage\team_control_point.obj
c:\program files (x86)\steam\steamapps\common\source sdk base 2013 multiplayer\dev\ultra-fortress\src\game\server\release_tf2vintage\func_changeclass.obj
c:\program files (x86)\steam\steamapps\common\source sdk base 2013 multiplayer\dev\ultra-fortress\src\game\server\release_tf2vintage\econ_entity.obj
c:\program files (x86)\steam\steamapps\common\source sdk base 2013 multiplayer\dev\ultra-fortress\src\game\server\release_tf2vintage\tf_projectile_nail.obj
c:\program files (x86)\steam\steamapps\common\source sdk base 2013 multiplayer\dev\ultra-fortress\src\game\server\release_tf2vintage\tf_weapon_invis.obj
c:\program files (x86)\steam\steamapps\common\source sdk base 2013 multiplayer\dev\ultra-fortress\src\game\server\release_tf2vintage\tf_weapon_pistol.obj
c:\program files (x86)\steam\steamapps\common\source sdk base 2013 multiplayer\dev\ultra-fortress\src\game\server\release_tf2vintage\tf_weapon_grenade_normal.obj
c:\program files (x86)\steam\steamapps\common\source sdk base 2013 multiplayer\dev\ultra-fortress\src\game\server\release_tf2vintage\entity_armor.obj
c:\program files (x86)\steam\steamapps\common\source sdk base 2013 multiplayer\dev\ultra-fortress\src\game\server\release_tf2vintage\func_respawnroom.obj
c:\program files (x86)\steam\steamapps\common\source sdk base 2013 multiplayer\dev\ultra-fortress\src\game\server\release_tf2vintage\tf_player_resource.obj
c:\program files (x86)\steam\steamapps\common\source sdk base 2013 multiplayer\dev\ultra-fortress\src\game\server\release_tf2vintage\vote_controller.obj
c:\program files (x86)\steam\steamapps\common\source sdk base 2013 multiplayer\dev\ultra-fortress\src\game\server\release_tf2vintage\tf_weapon_fists.obj
c:\program files (x86)\steam\steamapps\common\source sdk base 2013 multiplayer\dev\ultra-fortress\src\game\server\release_tf2vintage\tf_weapon_parse.obj
c:\program files (x86)\steam\steamapps\common\source sdk base 2013 multiplayer\dev\ultra-fortress\src\game\server\release_tf2vintage\tf_weaponbase_gun.obj
c:\program files (x86)\steam\steamapps\common\source sdk base 2013 multiplayer\dev\ultra-fortress\src\game\server\release_tf2vintage\team_train_watcher.obj
c:\program files (x86)\steam\steamapps\common\source sdk base 2013 multiplayer\dev\ultra-fortress\src\game\server\release_tf2vintage\tf_filters.obj
c:\program files (x86)\steam\steamapps\common\source sdk base 2013 multiplayer\dev\ultra-fortress\src\game\server\release_tf2vintage\tf_powerup.obj
c:\program files (x86)\steam\steamapps\common\source sdk base 2013 multiplayer\dev\ultra-fortress\src\game\server\release_tf2vintage\baseobject_shared.obj
c:\program files (x86)\steam\steamapps\common\source sdk base 2013 multiplayer\dev\ultra-fortress\src\game\server\release_tf2vintage\tf_weapon_bat.obj
c:\program files (x86)\steam\steamapps\common\source sdk base 2013 multiplayer\dev\ultra-fortress\src\game\server\release_tf2vintage\tf_weapon_grenadelauncher.obj
c:\program files (x86)\steam\steamapps\common\source sdk base 2013 multiplayer\dev\ultra-fortress\src\game\server\release_tf2vintage\tf_weapon_shotgun.obj
c:\program files (x86)\steam\steamapps\common\source sdk base 2013 multiplayer\dev\ultra-fortress\src\game\server\release_tf2vintage\ai_trackpather.obj
c:\program files (x86)\steam\steamapps\common\source sdk base 2013 multiplayer\dev\ultra-fortress\src\game\server\release_tf2vintage\entity_grenadepack.obj
c:\program files (x86)\steam\steamapps\common\source sdk base 2013 multiplayer\dev\ultra-fortress\src\game\server\release_tf2vintage\tf_eventlog.obj
c:\program files (x86)\steam\steamapps\common\source sdk base 2013 multiplayer\dev\ultra-fortress\src\game\server\release_tf2vintage\tf_turret.obj
c:\program files (x86)\steam\steamapps\common\source sdk base 2013 multiplayer\dev\ultra-fortress\src\game\server\release_tf2vintage\tf_fx_shared.obj
c:\program files (x86)\steam\steamapps\common\source sdk base 2013 multiplayer\dev\ultra-fortress\src\game\server\release_tf2vintage\tf_projectile_flare.obj
c:\program files (x86)\steam\steamapps\common\source sdk base 2013 multiplayer\dev\ultra-fortress\src\game\server\release_tf2vintage\tf_weapon_grenade_mirv.obj
c:\program files (x86)\steam\steamapps\common\source sdk base 2013 multiplayer\dev\ultra-fortress\src\game\server\release_tf2vintage\tf_weapon_stickbomb.obj
c:\program files (x86)\steam\steamapps\common\source sdk base 2013 multiplayer\dev\ultra-fortress\src\game\server\release_tf2vintage\pathtrack.obj
c:\program files (x86)\steam\steamapps\common\source sdk base 2013 multiplayer\dev\ultra-fortress\src\game\server\release_tf2vintage\entity_healthkit.obj
c:\program files (x86)\steam\steamapps\common\source sdk base 2013 multiplayer\dev\ultra-fortress\src\game\server\release_tf2vintage\tf_generic_bomb.obj
c:\program files (x86)\steam\steamapps\common\source sdk base 2013 multiplayer\dev\ultra-fortress\src\game\server\release_tf2vintage\trains.obj
c:\program files (x86)\steam\steamapps\common\source sdk base 2013 multiplayer\dev\ultra-fortress\src\game\server\release_tf2vintage\baseplayer_shared.obj
c:\program files (x86)\steam\steamapps\common\source sdk base 2013 multiplayer\dev\ultra-fortress\src\game\server\release_tf2vintage\tf_weapon_grenade_pipebomb.obj
c:\program files (x86)\steam\steamapps\common\source sdk base 2013 multiplayer\dev\ultra-fortress\src\game\server\release_tf2vintage\tf_weaponbase.obj
c:\program files (x86)\steam\steamapps\common\source sdk base 2013 multiplayer\dev\ultra-fortress\src\game\server\release_tf2vintage\team_control_point_round.obj
c:\program files (x86)\steam\steamapps\common\source sdk base 2013 multiplayer\dev\ultra-fortress\src\game\server\release_tf2vintage\func_capture_zone.obj
c:\program files (x86)\steam\steamapps\common\source sdk base 2013 multiplayer\dev\ultra-fortress\src\game\server\release_tf2vintage\tf_obj_teleporter.obj
c:\program files (x86)\steam\steamapps\common\source sdk base 2013 multiplayer\dev\ultra-fortress\src\game\server\release_tf2vintage\tf_playeranimstate.obj
c:\program files (x86)\steam\steamapps\common\source sdk base 2013 multiplayer\dev\ultra-fortress\src\game\server\release_tf2vintage\tf_projectile_jar.obj
c:\program files (x86)\steam\steamapps\common\source sdk base 2013 multiplayer\dev\ultra-fortress\src\game\server\release_tf2vintage\tf_weapon_jar.obj
c:\program files (x86)\steam\steamapps\common\source sdk base 2013 multiplayer\dev\ultra-fortress\src\game\server\release_tf2vintage\tf_weapon_sniperrifle.obj
c:\program files (x86)\steam\steamapps\common\source sdk base 2013 multiplayer\dev\ultra-fortress\src\game\server\release_tf2vintage\baseentity.obj
c:\program files (x86)\steam\steamapps\common\source sdk base 2013 multiplayer\dev\ultra-fortress\src\game\server\release_tf2vintage\tf_bot_temp.obj
c:\program files (x86)\steam\steamapps\common\source sdk base 2013 multiplayer\dev\ultra-fortress\src\game\server\release_tf2vintage\tf_pushentity.obj
c:\program files (x86)\steam\steamapps\common\source sdk base 2013 multiplayer\dev\ultra-fortress\src\game\server\release_tf2vintage\tf_gamerules.obj
c:\program files (x86)\steam\steamapps\common\source sdk base 2013 multiplayer\dev\ultra-fortress\src\game\server\release_tf2vintage\tf_weapon_pda.obj
c:\program files (x86)\steam\steamapps\common\source sdk base 2013 multiplayer\dev\ultra-fortress\src\game\server\release_tf2vintage\tf_weaponbase_rocket.obj
c:\program files (x86)\steam\steamapps\common\source sdk base 2013 multiplayer\dev\ultra-fortress\src\game\server\release_tf2vintage\entity_forcerespawn.obj
c:\program files (x86)\steam\steamapps\common\source sdk base 2013 multiplayer\dev\ultra-fortress\src\game\server\release_tf2vintage\entity_spawn_manager.obj
c:\program files (x86)\steam\steamapps\common\source sdk base 2013 multiplayer\dev\ultra-fortress\src\game\server\release_tf2vintage\tf_obj_sapper.obj
c:\program files (x86)\steam\steamapps\common\source sdk base 2013 multiplayer\dev\ultra-fortress\src\game\server\release_tf2vintage\teamplay_round_timer.obj
c:\program files (x86)\steam\steamapps\common\source sdk base 2013 multiplayer\dev\ultra-fortress\src\game\server\release_tf2vintage\tf_weapon_bottle.obj
c:\program files (x86)\steam\steamapps\common\source sdk base 2013 multiplayer\dev\ultra-fortress\src\game\server\release_tf2vintage\tf_weapon_laser_pointer.obj
c:\program files (x86)\steam\steamapps\common\source sdk base 2013 multiplayer\dev\ultra-fortress\src\game\server\release_tf2vintage\tf_weapon_syringegun.obj
c:\program files (x86)\steam\steamapps\common\source sdk base 2013 multiplayer\dev\ultra-fortress\src\game\server\release_tf2vintage\npc_vehicledriver.obj
c:\program files (x86)\steam\steamapps\common\source sdk base 2013 multiplayer\dev\ultra-fortress\src\game\server\release_tf2vintage\func_nogrenades.obj
c:\program files (x86)\steam\steamapps\common\source sdk base 2013 multiplayer\dev\ultra-fortress\src\game\server\release_tf2vintage\tf_mapitems.obj
c:\program files (x86)\steam\steamapps\common\source sdk base 2013 multiplayer\dev\ultra-fortress\src\game\server\release_tf2vintage\tf_team.obj
c:\program files (x86)\steam\steamapps\common\source sdk base 2013 multiplayer\dev\ultra-fortress\src\game\server\release_tf2vintage\teamplayroundbased_gamerules.obj
c:\program files (x86)\steam\steamapps\common\source sdk base 2013 multiplayer\dev\ultra-fortress\src\game\server\release_tf2vintage\tf_weapon_flaregun.obj
c:\program files (x86)\steam\steamapps\common\source sdk base 2013 multiplayer\dev\ultra-fortress\src\game\server\release_tf2vintage\tf_weapon_pipebomblauncher.obj
c:\program files (x86)\steam\steamapps\common\source sdk base 2013 multiplayer\dev\ultra-fortress\src\game\server\release_tf2vintage\tf_weapon_razorback.obj
c:\program files (x86)\steam\steamapps\common\source sdk base 2013 multiplayer\dev\ultra-fortress\src\game\server\release_tf2vintage\tanktrain.obj
c:\program files (x86)\steam\steamapps\common\source sdk base 2013 multiplayer\dev\ultra-fortress\src\game\server\release_tf2vintage\entity_player_equip.obj
c:\program files (x86)\steam\steamapps\common\source sdk base 2013 multiplayer\dev\ultra-fortress\src\game\server\release_tf2vintage\tf_client.obj
c:\program files (x86)\steam\steamapps\common\source sdk base 2013 multiplayer\dev\ultra-fortress\src\game\server\release_tf2vintage\tf_projectile_rocket.obj
c:\program files (x86)\steam\steamapps\common\source sdk base 2013 multiplayer\dev\ultra-fortress\src\game\server\release_tf2vintage\multiplayer_animstate.obj
c:\program files (x86)\steam\steamapps\common\source sdk base 2013 multiplayer\dev\ultra-fortress\src\game\server\release_tf2vintage\tf_weapon_buff_item.obj
c:\program files (x86)\steam\steamapps\common\source sdk base 2013 multiplayer\dev\ultra-fortress\src\game\server\release_tf2vintage\tf_weapon_revolver.obj
c:\program files (x86)\steam\steamapps\common\source sdk base 2013 multiplayer\dev\ultra-fortress\src\game\server\release_tf2vintage\tf_weapon_milkrifle.obj
c:\program files (x86)\steam\steamapps\common\source sdk base 2013 multiplayer\dev\ultra-fortress\src\game\server\release_tf2vintage\player.obj
c:\program files (x86)\steam\steamapps\common\source sdk base 2013 multiplayer\dev\ultra-fortress\src\game\server\release_tf2vintage\tf_playerclass.obj
c:\program files (x86)\steam\steamapps\common\source sdk base 2013 multiplayer\dev\ultra-fortress\src\game\server\release_tf2vintage\entity_capture_flag.obj
c:\program files (x86)\steam\steamapps\common\source sdk base 2013 multiplayer\dev\ultra-fortress\src\game\server\release_tf2vintage\tf_weapon_flamethrower.obj
c:\program files (x86)\steam\steamapps\common\source sdk base 2013 multiplayer\dev\ultra-fortress\src\game\server\release_tf2vintage\tf_weaponbase_melee.obj
c:\program files (x86)\steam\steamapps\common\source sdk base 2013 multiplayer\dev\ultra-fortress\src\game\server\release_tf2vintage\entity_ammopack.obj
c:\program files (x86)\steam\steamapps\common\source sdk base 2013 multiplayer\dev\ultra-fortress\src\game\server\release_tf2vintage\func_respawnflag.obj
c:\program files (x86)\steam\steamapps\common\source sdk base 2013 multiplayer\dev\ultra-fortress\src\game\server\release_tf2vintage\server.pch
c:\program files (x86)\steam\steamapps\common\source sdk base 2013 multiplayer\dev\ultra-fortress\src\game\server\release_tf2vintage\stdafx.obj
c:\program files (x86)\steam\steamapps\common\source sdk base 2013 multiplayer\dev\ultra-fortress\src\game\server\release_tf2vintage\ai_criteria.obj
c:\program files (x86)\steam\steamapps\common\source sdk base 2013 multiplayer\dev\ultra-fortress\src\game\server\release_tf2vintage\ai_dynamiclink.obj
c:\program files (x86)\steam\steamapps\common\source sdk base 2013 multiplayer\dev\ultra-fortress\src\game\server\release_tf2vintage\ai_motor.obj
c:\program files (x86)\steam\steamapps\common\source sdk base 2013 multiplayer\dev\ultra-fortress\src\game\server\release_tf2vintage\ai_pathfinder.obj
c:\program files (x86)\steam\steamapps\common\source sdk base 2013 multiplayer\dev\ultra-fortress\src\game\server\release_tf2vintage\ai_task.obj
c:\program files (x86)\steam\steamapps\common\source sdk base 2013 multiplayer\dev\ultra-fortress\src\game\server\release_tf2vintage\baseflex.obj
c:\program files (x86)\steam\steamapps\common\source sdk base 2013 multiplayer\dev\ultra-fortress\src\game\server\release_tf2vintage\ai_behavior_rappel.obj
c:\program files (x86)\steam\steamapps\common\source sdk base 2013 multiplayer\dev\ultra-fortress\src\game\server\release_tf2vintage\ai_interest_target.obj
c:\program files (x86)\steam\steamapps\common\source sdk base 2013 multiplayer\dev\ultra-fortress\src\game\server\release_tf2vintage\ai_localnavigator.obj
c:\program files (x86)\steam\steamapps\common\source sdk base 2013 multiplayer\dev\ultra-fortress\src\game\server\release_tf2vintage\ai_relationship.obj
c:\program files (x86)\steam\steamapps\common\source sdk base 2013 multiplayer\dev\ultra-fortress\src\game\server\release_tf2vintage\ai_squad.obj
c:\program files (x86)\steam\steamapps\common\source sdk base 2013 multiplayer\dev\ultra-fortress\src\game\server\release_tf2vintage\basegrenade_contact.obj
c:\program files (x86)\steam\steamapps\common\source sdk base 2013 multiplayer\dev\ultra-fortress\src\game\server\release_tf2vintage\baseparticleentity.obj
c:\program files (x86)\steam\steamapps\common\source sdk base 2013 multiplayer\dev\ultra-fortress\src\game\server\release_tf2vintage\baseviewmodel.obj
c:\program files (x86)\steam\steamapps\common\source sdk base 2013 multiplayer\dev\ultra-fortress\src\game\server\release_tf2vintage\achievementmgr.obj
c:\program files (x86)\steam\steamapps\common\source sdk base 2013 multiplayer\dev\ultra-fortress\src\game\server\release_tf2vintage\ai_condition.obj
c:\program files (x86)\steam\steamapps\common\source sdk base 2013 multiplayer\dev\ultra-fortress\src\game\server\release_tf2vintage\ai_movesolver.obj
c:\program files (x86)\steam\steamapps\common\source sdk base 2013 multiplayer\dev\ultra-fortress\src\game\server\release_tf2vintage\ai_navigator.obj
c:\program files (x86)\steam\steamapps\common\source sdk base 2013 multiplayer\dev\ultra-fortress\src\game\server\release_tf2vintage\baseanimatingoverlay.obj
c:\program files (x86)\steam\steamapps\common\source sdk base 2013 multiplayer\dev\ultra-fortress\src\game\server\release_tf2vintage\beam_shared.obj
c:\program files (x86)\steam\steamapps\common\source sdk base 2013 multiplayer\dev\ultra-fortress\src\game\server\release_tf2vintage\controlentities.obj
c:\program files (x86)\steam\steamapps\common\source sdk base 2013 multiplayer\dev\ultra-fortress\src\game\server\release_tf2vintage\ai_activity.obj
c:\program files (x86)\steam\steamapps\common\source sdk base 2013 multiplayer\dev\ultra-fortress\src\game\server\release_tf2vintage\ai_speechfilter.obj
c:\program files (x86)\steam\steamapps\common\source sdk base 2013 multiplayer\dev\ultra-fortress\src\game\server\release_tf2vintage\ai_basenpc_movement.obj
c:\program files (x86)\steam\steamapps\common\source sdk base 2013 multiplayer\dev\ultra-fortress\src\game\server\release_tf2vintage\ai_behavior.obj
c:\program files (x86)\steam\steamapps\common\source sdk base 2013 multiplayer\dev\ultra-fortress\src\game\server\release_tf2vintage\ai_hull.obj
c:\program files (x86)\steam\steamapps\common\source sdk base 2013 multiplayer\dev\ultra-fortress\src\game\server\release_tf2vintage\ai_link.obj
c:\program files (x86)\steam\steamapps\common\source sdk base 2013 multiplayer\dev\ultra-fortress\src\game\server\release_tf2vintage\ai_looktarget.obj
c:\program files (x86)\steam\steamapps\common\source sdk base 2013 multiplayer\dev\ultra-fortress\src\game\server\release_tf2vintage\ai_moveshoot.obj
c:\program files (x86)\steam\steamapps\common\source sdk base 2013 multiplayer\dev\ultra-fortress\src\game\server\release_tf2vintage\ai_saverestore.obj
c:\program files (x86)\steam\steamapps\common\source sdk base 2013 multiplayer\dev\ultra-fortress\src\game\server\release_tf2vintage\base_playeranimstate.obj
c:\program files (x86)\steam\steamapps\common\source sdk base 2013 multiplayer\dev\ultra-fortress\src\game\server\release_tf2vintage\basegrenade_concussion.obj
c:\program files (x86)\steam\steamapps\common\source sdk base 2013 multiplayer\dev\ultra-fortress\src\game\server\release_tf2vintage\achievements_hlx.obj
c:\program files (x86)\steam\steamapps\common\source sdk base 2013 multiplayer\dev\ultra-fortress\src\game\server\release_tf2vintage\ai_basenpc_schedule.obj
c:\program files (x86)\steam\steamapps\common\source sdk base 2013 multiplayer\dev\ultra-fortress\src\game\server\release_tf2vintage\ai_hint.obj
c:\program files (x86)\steam\steamapps\common\source sdk base 2013 multiplayer\dev\ultra-fortress\src\game\server\release_tf2vintage\ai_route.obj
c:\program files (x86)\steam\steamapps\common\source sdk base 2013 multiplayer\dev\ultra-fortress\src\game\server\release_tf2vintage\ai_waypoint.obj
c:\program files (x86)\steam\steamapps\common\source sdk base 2013 multiplayer\dev\ultra-fortress\src\game\server\release_tf2vintage\baseachievement.obj
c:\program files (x86)\steam\steamapps\common\source sdk base 2013 multiplayer\dev\ultra-fortress\src\game\server\release_tf2vintage\basemultiplayerplayer.obj
c:\program files (x86)\steam\steamapps\common\source sdk base 2013 multiplayer\dev\ultra-fortress\src\game\server\release_tf2vintage\buttons.obj
c:\program files (x86)\steam\steamapps\common\source sdk base 2013 multiplayer\dev\ultra-fortress\src\game\server\release_tf2vintage\debugoverlay_shared.obj
c:\program files (x86)\steam\steamapps\common\source sdk base 2013 multiplayer\dev\ultra-fortress\src\game\server\release_tf2vintage\entityblocker.obj
c:\program files (x86)\steam\steamapps\common\source sdk base 2013 multiplayer\dev\ultra-fortress\src\game\server\release_tf2vintage\entityparticletrail.obj
c:\program files (x86)\steam\steamapps\common\source sdk base 2013 multiplayer\dev\ultra-fortress\src\game\server\release_tf2vintage\env_particlescript.obj
c:\program files (x86)\steam\steamapps\common\source sdk base 2013 multiplayer\dev\ultra-fortress\src\game\server\release_tf2vintage\ai_basenpc_flyer_new.obj
c:\program files (x86)\steam\steamapps\common\source sdk base 2013 multiplayer\dev\ultra-fortress\src\game\server\release_tf2vintage\ai_behavior_fear.obj
c:\program files (x86)\steam\steamapps\common\source sdk base 2013 multiplayer\dev\ultra-fortress\src\game\server\release_tf2vintage\ai_memory.obj
c:\program files (x86)\steam\steamapps\common\source sdk base 2013 multiplayer\dev\ultra-fortress\src\game\server\release_tf2vintage\ai_senses.obj
c:\program files (x86)\steam\steamapps\common\source sdk base 2013 multiplayer\dev\ultra-fortress\src\game\server\release_tf2vintage\baseanimating.obj
c:\program files (x86)\steam\steamapps\common\source sdk base 2013 multiplayer\dev\ultra-fortress\src\game\server\release_tf2vintage\env_detail_controller.obj
c:\program files (x86)\steam\steamapps\common\source sdk base 2013 multiplayer\dev\ultra-fortress\src\game\server\release_tf2vintage\gamedll_replay.obj
c:\program files (x86)\steam\steamapps\common\source sdk base 2013 multiplayer\dev\ultra-fortress\src\game\server\release_tf2vintage\ai_basenpc_physicsflyer.obj
c:\program files (x86)\steam\steamapps\common\source sdk base 2013 multiplayer\dev\ultra-fortress\src\game\server\release_tf2vintage\ai_behavior_assault.obj
c:\program files (x86)\steam\steamapps\common\source sdk base 2013 multiplayer\dev\ultra-fortress\src\game\server\release_tf2vintage\ai_event.obj
c:\program files (x86)\steam\steamapps\common\source sdk base 2013 multiplayer\dev\ultra-fortress\src\game\server\release_tf2vintage\ai_networkmanager.obj
c:\program files (x86)\steam\steamapps\common\source sdk base 2013 multiplayer\dev\ultra-fortress\src\game\server\release_tf2vintage\ai_tacticalservices.obj
c:\program files (x86)\steam\steamapps\common\source sdk base 2013 multiplayer\dev\ultra-fortress\src\game\server\release_tf2vintage\basegrenade_timed.obj
c:\program files (x86)\steam\steamapps\common\source sdk base 2013 multiplayer\dev\ultra-fortress\src\game\server\release_tf2vintage\baseviewmodel_shared.obj
c:\program files (x86)\steam\steamapps\common\source sdk base 2013 multiplayer\dev\ultra-fortress\src\game\server\release_tf2vintage\colorcorrection.obj
c:\program files (x86)\steam\steamapps\common\source sdk base 2013 multiplayer\dev\ultra-fortress\src\game\server\release_tf2vintage\cplane.obj
c:\program files (x86)\steam\steamapps\common\source sdk base 2013 multiplayer\dev\ultra-fortress\src\game\server\release_tf2vintage\death_pose.obj
c:\program files (x86)\steam\steamapps\common\source sdk base 2013 multiplayer\dev\ultra-fortress\src\game\server\release_tf2vintage\ai_blended_movement.obj
c:\program files (x86)\steam\steamapps\common\source sdk base 2013 multiplayer\dev\ultra-fortress\src\game\server\release_tf2vintage\ai_initutils.obj
c:\program files (x86)\steam\steamapps\common\source sdk base 2013 multiplayer\dev\ultra-fortress\src\game\server\release_tf2vintage\ai_planesolver.obj
c:\program files (x86)\steam\steamapps\common\source sdk base 2013 multiplayer\dev\ultra-fortress\src\game\server\release_tf2vintage\ai_squadslot.obj
c:\program files (x86)\steam\steamapps\common\source sdk base 2013 multiplayer\dev\ultra-fortress\src\game\server\release_tf2vintage\basecombatweapon_shared.obj
c:\program files (x86)\steam\steamapps\common\source sdk base 2013 multiplayer\dev\ultra-fortress\src\game\server\release_tf2vintage\baseprojectile.obj
c:\program files (x86)\steam\steamapps\common\source sdk base 2013 multiplayer\dev\ultra-fortress\src\game\server\release_tf2vintage\bitstring.obj
c:\program files (x86)\steam\steamapps\common\source sdk base 2013 multiplayer\dev\ultra-fortress\src\game\server\release_tf2vintage\collisionproperty.obj
c:\program files (x86)\steam\steamapps\common\source sdk base 2013 multiplayer\dev\ultra-fortress\src\game\server\release_tf2vintage\doors.obj
c:\program files (x86)\steam\steamapps\common\source sdk base 2013 multiplayer\dev\ultra-fortress\src\game\server\release_tf2vintage\entityparticletrail_shared.obj
c:\program files (x86)\steam\steamapps\common\source sdk base 2013 multiplayer\dev\ultra-fortress\src\game\server\release_tf2vintage\ai_basehumanoid.obj
c:\program files (x86)\steam\steamapps\common\source sdk base 2013 multiplayer\dev\ultra-fortress\src\game\server\release_tf2vintage\ai_concommands.obj
c:\program files (x86)\steam\steamapps\common\source sdk base 2013 multiplayer\dev\ultra-fortress\src\game\server\release_tf2vintage\ai_node.obj
c:\program files (x86)\steam\steamapps\common\source sdk base 2013 multiplayer\dev\ultra-fortress\src\game\server\release_tf2vintage\ai_speech.obj
c:\program files (x86)\steam\steamapps\common\source sdk base 2013 multiplayer\dev\ultra-fortress\src\game\server\release_tf2vintage\ai_behavior_lead.obj
c:\program files (x86)\steam\steamapps\common\source sdk base 2013 multiplayer\dev\ultra-fortress\src\game\server\release_tf2vintage\ai_scriptconditions.obj
c:\program files (x86)\steam\steamapps\common\source sdk base 2013 multiplayer\dev\ultra-fortress\src\game\server\release_tf2vintage\animation.obj
c:\program files (x86)\steam\steamapps\common\source sdk base 2013 multiplayer\dev\ultra-fortress\src\game\server\release_tf2vintage\basecombatcharacter_shared.obj
c:\program files (x86)\steam\steamapps\common\source sdk base 2013 multiplayer\dev\ultra-fortress\src\game\server\release_tf2vintage\baseentity_shared.obj
c:\program files (x86)\steam\steamapps\common\source sdk base 2013 multiplayer\dev\ultra-fortress\src\game\server\release_tf2vintage\bmodels.obj
c:\program files (x86)\steam\steamapps\common\source sdk base 2013 multiplayer\dev\ultra-fortress\src\game\server\release_tf2vintage\damagemodifier.obj
c:\program files (x86)\steam\steamapps\common\source sdk base 2013 multiplayer\dev\ultra-fortress\src\game\server\release_tf2vintage\effect_dispatch_data.obj
c:\program files (x86)\steam\steamapps\common\source sdk base 2013 multiplayer\dev\ultra-fortress\src\game\server\release_tf2vintage\ehandle.obj
c:\program files (x86)\steam\steamapps\common\source sdk base 2013 multiplayer\dev\ultra-fortress\src\game\server\release_tf2vintage\achievement_saverestore.obj
c:\program files (x86)\steam\steamapps\common\source sdk base 2013 multiplayer\dev\ultra-fortress\src\game\server\release_tf2vintage\ai_basenpc_squad.obj
c:\program files (x86)\steam\steamapps\common\source sdk base 2013 multiplayer\dev\ultra-fortress\src\game\server\release_tf2vintage\ai_default.obj
c:\program files (x86)\steam\steamapps\common\source sdk base 2013 multiplayer\dev\ultra-fortress\src\game\server\release_tf2vintage\ai_namespaces.obj
c:\program files (x86)\steam\steamapps\common\source sdk base 2013 multiplayer\dev\ultra-fortress\src\game\server\release_tf2vintage\ai_network.obj
c:\program files (x86)\steam\steamapps\common\source sdk base 2013 multiplayer\dev\ultra-fortress\src\game\server\release_tf2vintage\ai_sentence.obj
c:\program files (x86)\steam\steamapps\common\source sdk base 2013 multiplayer\dev\ultra-fortress\src\game\server\release_tf2vintage\ammodef.obj
c:\program files (x86)\steam\steamapps\common\source sdk base 2013 multiplayer\dev\ultra-fortress\src\game\server\release_tf2vintage\base_transmit_proxy.obj
c:\program files (x86)\steam\steamapps\common\source sdk base 2013 multiplayer\dev\ultra-fortress\src\game\server\release_tf2vintage\basecombatcharacter.obj
c:\program files (x86)\steam\steamapps\common\source sdk base 2013 multiplayer\dev\ultra-fortress\src\game\server\release_tf2vintage\activitylist.obj
c:\program files (x86)\steam\steamapps\common\source sdk base 2013 multiplayer\dev\ultra-fortress\src\game\server\release_tf2vintage\ai_behavior_standoff.obj
c:\program files (x86)\steam\steamapps\common\source sdk base 2013 multiplayer\dev\ultra-fortress\src\game\server\release_tf2vintage\ai_moveprobe.obj
c:\program files (x86)\steam\steamapps\common\source sdk base 2013 multiplayer\dev\ultra-fortress\src\game\server\release_tf2vintage\ai_schedule.obj
c:\program files (x86)\steam\steamapps\common\source sdk base 2013 multiplayer\dev\ultra-fortress\src\game\server\release_tf2vintage\ai_utils.obj
c:\program files (x86)\steam\steamapps\common\source sdk base 2013 multiplayer\dev\ultra-fortress\src\game\server\release_tf2vintage\basegrenade_shared.obj
c:\program files (x86)\steam\steamapps\common\source sdk base 2013 multiplayer\dev\ultra-fortress\src\game\server\release_tf2vintage\cbase.obj
c:\program files (x86)\steam\steamapps\common\source sdk base 2013 multiplayer\dev\ultra-fortress\src\game\server\release_tf2vintage\dynamiclight.obj
c:\program files (x86)\steam\steamapps\common\source sdk base 2013 multiplayer\dev\ultra-fortress\src\game\server\release_tf2vintage\entitylist_base.obj
c:\program files (x86)\steam\steamapps\common\source sdk base 2013 multiplayer\dev\ultra-fortress\src\game\server\release_tf2vintage\env_debughistory.obj
c:\program files (x86)\steam\steamapps\common\source sdk base 2013 multiplayer\dev\ultra-fortress\src\game\server\release_tf2vintage\ai_basenpc_flyer.obj
c:\program files (x86)\steam\steamapps\common\source sdk base 2013 multiplayer\dev\ultra-fortress\src\game\server\release_tf2vintage\ai_behavior_follow.obj
c:\program files (x86)\steam\steamapps\common\source sdk base 2013 multiplayer\dev\ultra-fortress\src\game\server\release_tf2vintage\ai_playerally.obj
c:\program files (x86)\steam\steamapps\common\source sdk base 2013 multiplayer\dev\ultra-fortress\src\game\server\release_tf2vintage\colorcorrectionvolume.obj
c:\program files (x86)\steam\steamapps\common\source sdk base 2013 multiplayer\dev\ultra-fortress\src\game\server\release_tf2vintage\decals.obj
c:\program files (x86)\steam\steamapps\common\source sdk base 2013 multiplayer\dev\ultra-fortress\src\game\server\release_tf2vintage\env_entity_maker.obj
c:\program files (x86)\steam\steamapps\common\source sdk base 2013 multiplayer\dev\ultra-fortress\src\game\server\release_tf2vintage\ai_basenpc.obj
c:\program files (x86)\steam\steamapps\common\source sdk base 2013 multiplayer\dev\ultra-fortress\src\game\server\release_tf2vintage\ai_baseactor.obj
c:\program files (x86)\steam\steamapps\common\source sdk base 2013 multiplayer\dev\ultra-fortress\src\game\server\release_tf2vintage\ai_goalentity.obj
c:\program files (x86)\steam\steamapps\common\source sdk base 2013 multiplayer\dev\ultra-fortress\src\game\server\release_tf2vintage\ai_responsesystem.obj
c:\program files (x86)\steam\steamapps\common\source sdk base 2013 multiplayer\dev\ultra-fortress\src\game\server\release_tf2vintage\basecombatweapon.obj
c:\program files (x86)\steam\steamapps\common\source sdk base 2013 multiplayer\dev\ultra-fortress\src\game\server\release_tf2vintage\cragdollmagnet.obj
c:\program files (x86)\steam\steamapps\common\source sdk base 2013 multiplayer\dev\ultra-fortress\src\game\server\release_tf2vintage\effectsserver.obj
c:\program files (x86)\steam\steamapps\common\source sdk base 2013 multiplayer\dev\ultra-fortress\src\game\server\release_tf2vintage\achievements_tf.obj
c:\program files (x86)\steam\steamapps\common\source sdk base 2013 multiplayer\dev\ultra-fortress\src\game\server\release_tf2vintage\fire_smoke.obj
c:\program files (x86)\steam\steamapps\common\source sdk base 2013 multiplayer\dev\ultra-fortress\src\game\server\release_tf2vintage\func_break.obj
c:\program files (x86)\steam\steamapps\common\source sdk base 2013 multiplayer\dev\ultra-fortress\src\game\server\release_tf2vintage\gib.obj
c:\program files (x86)\steam\steamapps\common\source sdk base 2013 multiplayer\dev\ultra-fortress\src\game\server\release_tf2vintage\logicrelay.obj
c:\program files (x86)\steam\steamapps\common\source sdk base 2013 multiplayer\dev\ultra-fortress\src\game\server\release_tf2vintage\nav_colors.obj
c:\program files (x86)\steam\steamapps\common\source sdk base 2013 multiplayer\dev\ultra-fortress\src\game\server\release_tf2vintage\nav_mesh.obj
c:\program files (x86)\steam\steamapps\common\source sdk base 2013 multiplayer\dev\ultra-fortress\src\game\server\release_tf2vintage\te_projecteddecal.obj
c:\program files (x86)\steam\steamapps\common\source sdk base 2013 multiplayer\dev\ultra-fortress\src\game\server\release_tf2vintage\variant_t.obj
c:\program files (x86)\steam\steamapps\common\source sdk base 2013 multiplayer\dev\ultra-fortress\src\game\server\release_tf2vintage\vehicle_baseserver.obj
c:\program files (x86)\steam\steamapps\common\source sdk base 2013 multiplayer\dev\ultra-fortress\src\game\server\release_tf2vintage\econ_item_system.obj
c:\program files (x86)\steam\steamapps\common\source sdk base 2013 multiplayer\dev\ultra-fortress\src\game\server\release_tf2vintage\point_posecontroller.obj
c:\program files (x86)\steam\steamapps\common\source sdk base 2013 multiplayer\dev\ultra-fortress\src\game\server\release_tf2vintage\usercmd.obj
c:\program files (x86)\steam\steamapps\common\source sdk base 2013 multiplayer\dev\ultra-fortress\src\game\server\release_tf2vintage\util_shared.obj
c:\program files (x86)\steam\steamapps\common\source sdk base 2013 multiplayer\dev\ultra-fortress\src\game\server\release_tf2vintage\weapon_proficiency.obj
c:\program files (x86)\steam\steamapps\common\source sdk base 2013 multiplayer\dev\ultra-fortress\src\game\server\release_tf2vintage\commentarysystem.obj
c:\program files (x86)\steam\steamapps\common\source sdk base 2013 multiplayer\dev\ultra-fortress\src\game\server\release_tf2vintage\func_areaportal.obj
c:\program files (x86)\steam\steamapps\common\source sdk base 2013 multiplayer\dev\ultra-fortress\src\game\server\release_tf2vintage\func_dust.obj
c:\program files (x86)\steam\steamapps\common\source sdk base 2013 multiplayer\dev\ultra-fortress\src\game\server\release_tf2vintage\gameweaponmanager.obj
c:\program files (x86)\steam\steamapps\common\source sdk base 2013 multiplayer\dev\ultra-fortress\src\game\server\release_tf2vintage\lightglow.obj
c:\program files (x86)\steam\steamapps\common\source sdk base 2013 multiplayer\dev\ultra-fortress\src\game\server\release_tf2vintage\maprules.obj
c:\program files (x86)\steam\steamapps\common\source sdk base 2013 multiplayer\dev\ultra-fortress\src\game\server\release_tf2vintage\nav_file.obj
c:\program files (x86)\steam\steamapps\common\source sdk base 2013 multiplayer\dev\ultra-fortress\src\game\server\release_tf2vintage\phys_controller.obj
c:\program files (x86)\steam\steamapps\common\source sdk base 2013 multiplayer\dev\ultra-fortress\src\game\server\release_tf2vintage\physics_prop_ragdoll.obj
c:\program files (x86)\steam\steamapps\common\source sdk base 2013 multiplayer\dev\ultra-fortress\src\game\server\release_tf2vintage\spotlightend.obj
c:\program files (x86)\steam\steamapps\common\source sdk base 2013 multiplayer\dev\ultra-fortress\src\game\server\release_tf2vintage\sun.obj
c:\program files (x86)\steam\steamapps\common\source sdk base 2013 multiplayer\dev\ultra-fortress\src\game\server\release_tf2vintage\te_beamlaser.obj
c:\program files (x86)\steam\steamapps\common\source sdk base 2013 multiplayer\dev\ultra-fortress\src\game\server\release_tf2vintage\te_bubbles.obj
c:\program files (x86)\steam\steamapps\common\source sdk base 2013 multiplayer\dev\ultra-fortress\src\game\server\release_tf2vintage\te_footprintdecal.obj
c:\program files (x86)\steam\steamapps\common\source sdk base 2013 multiplayer\dev\ultra-fortress\src\game\server\release_tf2vintage\te_playerdecal.obj
c:\program files (x86)\steam\steamapps\common\source sdk base 2013 multiplayer\dev\ultra-fortress\src\game\server\release_tf2vintage\toolframework_server.obj
c:\program files (x86)\steam\steamapps\common\source sdk base 2013 multiplayer\dev\ultra-fortress\src\game\server\release_tf2vintage\trigger_area_capture.obj
c:\program files (x86)\steam\steamapps\common\source sdk base 2013 multiplayer\dev\ultra-fortress\src\game\server\release_tf2vintage\econ_item_schema.obj
c:\program files (x86)\steam\steamapps\common\source sdk base 2013 multiplayer\dev\ultra-fortress\src\game\server\release_tf2vintage\func_ladder.obj
c:\program files (x86)\steam\steamapps\common\source sdk base 2013 multiplayer\dev\ultra-fortress\src\game\server\release_tf2vintage\multiplay_gamerules.obj
c:\program files (x86)\steam\steamapps\common\source sdk base 2013 multiplayer\dev\ultra-fortress\src\game\server\release_tf2vintage\simtimer.obj
c:\program files (x86)\steam\steamapps\common\source sdk base 2013 multiplayer\dev\ultra-fortress\src\game\server\release_tf2vintage\takedamageinfo.obj
c:\program files (x86)\steam\steamapps\common\source sdk base 2013 multiplayer\dev\ultra-fortress\src\game\server\release_tf2vintage\tf_viewmodel.obj
c:\program files (x86)\steam\steamapps\common\source sdk base 2013 multiplayer\dev\ultra-fortress\src\game\server\release_tf2vintage\weapon_parse.obj
c:\program files (x86)\steam\steamapps\common\source sdk base 2013 multiplayer\dev\ultra-fortress\src\game\server\release_tf2vintage\envhudhint.obj
c:\program files (x86)\steam\steamapps\common\source sdk base 2013 multiplayer\dev\ultra-fortress\src\game\server\release_tf2vintage\envshake.obj
c:\program files (x86)\steam\steamapps\common\source sdk base 2013 multiplayer\dev\ultra-fortress\src\game\server\release_tf2vintage\pointangularvelocitysensor.obj
c:\program files (x86)\steam\steamapps\common\source sdk base 2013 multiplayer\dev\ultra-fortress\src\game\server\release_tf2vintage\effects.obj
c:\program files (x86)\steam\steamapps\common\source sdk base 2013 multiplayer\dev\ultra-fortress\src\game\server\release_tf2vintage\grenadethrown.obj
c:\program files (x86)\steam\steamapps\common\source sdk base 2013 multiplayer\dev\ultra-fortress\src\game\server\release_tf2vintage\intermission.obj
c:\program files (x86)\steam\steamapps\common\source sdk base 2013 multiplayer\dev\ultra-fortress\src\game\server\release_tf2vintage\logic_navigation.obj
c:\program files (x86)\steam\steamapps\common\source sdk base 2013 multiplayer\dev\ultra-fortress\src\game\server\release_tf2vintage\monstermaker.obj
c:\program files (x86)\steam\steamapps\common\source sdk base 2013 multiplayer\dev\ultra-fortress\src\game\server\release_tf2vintage\particle_system.obj
c:\program files (x86)\steam\steamapps\common\source sdk base 2013 multiplayer\dev\ultra-fortress\src\game\server\release_tf2vintage\point_template.obj
c:\program files (x86)\steam\steamapps\common\source sdk base 2013 multiplayer\dev\ultra-fortress\src\game\server\release_tf2vintage\scriptedtarget.obj
c:\program files (x86)\steam\steamapps\common\source sdk base 2013 multiplayer\dev\ultra-fortress\src\game\server\release_tf2vintage\te_beaments.obj
c:\program files (x86)\steam\steamapps\common\source sdk base 2013 multiplayer\dev\ultra-fortress\src\game\server\release_tf2vintage\te_bloodsprite.obj
c:\program files (x86)\steam\steamapps\common\source sdk base 2013 multiplayer\dev\ultra-fortress\src\game\server\release_tf2vintage\te_effect_dispatch.obj
c:\program files (x86)\steam\steamapps\common\source sdk base 2013 multiplayer\dev\ultra-fortress\src\game\server\release_tf2vintage\te_muzzleflash.obj
c:\program files (x86)\steam\steamapps\common\source sdk base 2013 multiplayer\dev\ultra-fortress\src\game\server\release_tf2vintage\team.obj
c:\program files (x86)\steam\steamapps\common\source sdk base 2013 multiplayer\dev\ultra-fortress\src\game\server\release_tf2vintage\tf_objective_resource.obj
c:\program files (x86)\steam\steamapps\common\source sdk base 2013 multiplayer\dev\ultra-fortress\src\game\server\release_tf2vintage\spritetrail.obj
c:\program files (x86)\steam\steamapps\common\source sdk base 2013 multiplayer\dev\ultra-fortress\src\game\server\release_tf2vintage\gamemovement.obj
c:\program files (x86)\steam\steamapps\common\source sdk base 2013 multiplayer\dev\ultra-fortress\src\game\server\release_tf2vintage\playerclass_info_parse.obj
c:\program files (x86)\steam\steamapps\common\source sdk base 2013 multiplayer\dev\ultra-fortress\src\game\server\release_tf2vintage\saverestore.obj
c:\program files (x86)\steam\steamapps\common\source sdk base 2013 multiplayer\dev\ultra-fortress\src\game\server\release_tf2vintage\tf_playerclass_shared.obj
c:\program files (x86)\steam\steamapps\common\source sdk base 2013 multiplayer\dev\ultra-fortress\src\game\server\release_tf2vintage\tf_weapon_bonesaw.obj
c:\program files (x86)\steam\steamapps\common\source sdk base 2013 multiplayer\dev\ultra-fortress\src\game\server\release_tf2vintage\func_areaportalbase.obj
c:\program files (x86)\steam\steamapps\common\source sdk base 2013 multiplayer\dev\ultra-fortress\src\game\server\release_tf2vintage\func_ladder_endpoint.obj
c:\program files (x86)\steam\steamapps\common\source sdk base 2013 multiplayer\dev\ultra-fortress\src\game\server\release_tf2vintage\game.obj
c:\program files (x86)\steam\steamapps\common\source sdk base 2013 multiplayer\dev\ultra-fortress\src\game\server\release_tf2vintage\genericactor.obj
c:\program files (x86)\steam\steamapps\common\source sdk base 2013 multiplayer\dev\ultra-fortress\src\game\server\release_tf2vintage\nav_mesh_factory.obj
c:\program files (x86)\steam\steamapps\common\source sdk base 2013 multiplayer\dev\ultra-fortress\src\game\server\release_tf2vintage\soundscape_system.obj
c:\program files (x86)\steam\steamapps\common\source sdk base 2013 multiplayer\dev\ultra-fortress\src\game\server\release_tf2vintage\te_beamringpoint.obj
c:\program files (x86)\steam\steamapps\common\source sdk base 2013 multiplayer\dev\ultra-fortress\src\game\server\release_tf2vintage\te_explosion.obj
c:\program files (x86)\steam\steamapps\common\source sdk base 2013 multiplayer\dev\ultra-fortress\src\game\server\release_tf2vintage\te_smoke.obj
c:\program files (x86)\steam\steamapps\common\source sdk base 2013 multiplayer\dev\ultra-fortress\src\game\server\release_tf2vintage\tempmonster.obj
c:\program files (x86)\steam\steamapps\common\source sdk base 2013 multiplayer\dev\ultra-fortress\src\game\server\release_tf2vintage\testfunctions.obj
c:\program files (x86)\steam\steamapps\common\source sdk base 2013 multiplayer\dev\ultra-fortress\src\game\server\release_tf2vintage\func_no_build.obj
c:\program files (x86)\steam\steamapps\common\source sdk base 2013 multiplayer\dev\ultra-fortress\src\game\server\release_tf2vintage\tf_fx.obj
c:\program files (x86)\steam\steamapps\common\source sdk base 2013 multiplayer\dev\ultra-fortress\src\game\server\release_tf2vintage\tf_hltvdirector.obj
c:\program files (x86)\steam\steamapps\common\source sdk base 2013 multiplayer\dev\ultra-fortress\src\game\server\release_tf2vintage\tf_voteissues.obj
c:\program files (x86)\steam\steamapps\common\source sdk base 2013 multiplayer\dev\ultra-fortress\src\game\server\release_tf2vintage\timedeventmgr.obj
c:\program files (x86)\steam\steamapps\common\source sdk base 2013 multiplayer\dev\ultra-fortress\src\game\server\release_tf2vintage\modelsoundscache.obj
c:\program files (x86)\steam\steamapps\common\source sdk base 2013 multiplayer\dev\ultra-fortress\src\game\server\release_tf2vintage\gamerules_register.obj
c:\program files (x86)\steam\steamapps\common\source sdk base 2013 multiplayer\dev\ultra-fortress\src\game\server\release_tf2vintage\igamesystem.obj
c:\program files (x86)\steam\steamapps\common\source sdk base 2013 multiplayer\dev\ultra-fortress\src\game\server\release_tf2vintage\point_bonusmaps_accessor.obj
c:\program files (x86)\steam\steamapps\common\source sdk base 2013 multiplayer\dev\ultra-fortress\src\game\server\release_tf2vintage\ragdoll_shared.obj
c:\program files (x86)\steam\steamapps\common\source sdk base 2013 multiplayer\dev\ultra-fortress\src\game\server\release_tf2vintage\tf_gamestats_shared.obj
c:\program files (x86)\steam\steamapps\common\source sdk base 2013 multiplayer\dev\ultra-fortress\src\game\server\release_tf2vintage\tf_weapon_fireaxe.obj
c:\program files (x86)\steam\steamapps\common\source sdk base 2013 multiplayer\dev\ultra-fortress\src\game\server\release_tf2vintage\waterlodcontrol.obj
c:\program files (x86)\steam\steamapps\common\source sdk base 2013 multiplayer\dev\ultra-fortress\src\game\server\release_tf2vintage\env_projectedtexture.obj
c:\program files (x86)\steam\steamapps\common\source sdk base 2013 multiplayer\dev\ultra-fortress\src\game\server\release_tf2vintage\fire.obj
c:\program files (x86)\steam\steamapps\common\source sdk base 2013 multiplayer\dev\ultra-fortress\src\game\server\release_tf2vintage\func_reflective_glass.obj
c:\program files (x86)\steam\steamapps\common\source sdk base 2013 multiplayer\dev\ultra-fortress\src\game\server\release_tf2vintage\gametrace_dll.obj
c:\program files (x86)\steam\steamapps\common\source sdk base 2013 multiplayer\dev\ultra-fortress\src\game\server\release_tf2vintage\h_ai.obj
c:\program files (x86)\steam\steamapps\common\source sdk base 2013 multiplayer\dev\ultra-fortress\src\game\server\release_tf2vintage\hltvdirector.obj
c:\program files (x86)\steam\steamapps\common\source sdk base 2013 multiplayer\dev\ultra-fortress\src\game\server\release_tf2vintage\mapentities.obj
c:\program files (x86)\steam\steamapps\common\source sdk base 2013 multiplayer\dev\ultra-fortress\src\game\server\release_tf2vintage\particle_fire.obj
c:\program files (x86)\steam\steamapps\common\source sdk base 2013 multiplayer\dev\ultra-fortress\src\game\server\release_tf2vintage\soundscape.obj
c:\program files (x86)\steam\steamapps\common\source sdk base 2013 multiplayer\dev\ultra-fortress\src\game\server\release_tf2vintage\te_beamfollow.obj
c:\program files (x86)\steam\steamapps\common\source sdk base 2013 multiplayer\dev\ultra-fortress\src\game\server\release_tf2vintage\te_bloodstream.obj
c:\program files (x86)\steam\steamapps\common\source sdk base 2013 multiplayer\dev\ultra-fortress\src\game\server\release_tf2vintage\te_energysplash.obj
c:\program files (x86)\steam\steamapps\common\source sdk base 2013 multiplayer\dev\ultra-fortress\src\game\server\release_tf2vintage\te_particlesystem.obj
c:\program files (x86)\steam\steamapps\common\source sdk base 2013 multiplayer\dev\ultra-fortress\src\game\server\release_tf2vintage\te_worlddecal.obj
c:\program files (x86)\steam\steamapps\common\source sdk base 2013 multiplayer\dev\ultra-fortress\src\game\server\release_tf2vintage\testtraceline.obj
c:\program files (x86)\steam\steamapps\common\source sdk base 2013 multiplayer\dev\ultra-fortress\src\game\server\release_tf2vintage\te_tfblood.obj
c:\program files (x86)\steam\steamapps\common\source sdk base 2013 multiplayer\dev\ultra-fortress\src\game\server\release_tf2vintage\vehicle_base.obj
c:\program files (x86)\steam\steamapps\common\source sdk base 2013 multiplayer\dev\ultra-fortress\src\game\server\release_tf2vintage\sprite.obj
c:\program files (x86)\steam\steamapps\common\source sdk base 2013 multiplayer\dev\ultra-fortress\src\game\server\release_tf2vintage\gamevars_shared.obj
c:\program files (x86)\steam\steamapps\common\source sdk base 2013 multiplayer\dev\ultra-fortress\src\game\server\release_tf2vintage\mapentities_shared.obj
c:\program files (x86)\steam\steamapps\common\source sdk base 2013 multiplayer\dev\ultra-fortress\src\game\server\release_tf2vintage\obstacle_pushaway.obj
c:\program files (x86)\steam\steamapps\common\source sdk base 2013 multiplayer\dev\ultra-fortress\src\game\server\release_tf2vintage\props_shared.obj
c:\program files (x86)\steam\steamapps\common\source sdk base 2013 multiplayer\dev\ultra-fortress\src\game\server\release_tf2vintage\tf_weapon_smg.obj
c:\program files (x86)\steam\steamapps\common\source sdk base 2013 multiplayer\dev\ultra-fortress\src\game\server\release_tf2vintage\envmessage.obj
c:\program files (x86)\steam\steamapps\common\source sdk base 2013 multiplayer\dev\ultra-fortress\src\game\server\release_tf2vintage\nav_simplify.obj
c:\program files (x86)\steam\steamapps\common\source sdk base 2013 multiplayer\dev\ultra-fortress\src\game\server\release_tf2vintage\physics_cannister.obj
c:\program files (x86)\steam\steamapps\common\source sdk base 2013 multiplayer\dev\ultra-fortress\src\game\server\release_tf2vintage\player_pickup.obj
c:\program files (x86)\steam\steamapps\common\source sdk base 2013 multiplayer\dev\ultra-fortress\src\game\server\release_tf2vintage\player_resource.obj
c:\program files (x86)\steam\steamapps\common\source sdk base 2013 multiplayer\dev\ultra-fortress\src\game\server\release_tf2vintage\point_spotlight.obj
c:\program files (x86)\steam\steamapps\common\source sdk base 2013 multiplayer\dev\ultra-fortress\src\game\server\release_tf2vintage\sendproxy.obj
c:\program files (x86)\steam\steamapps\common\source sdk base 2013 multiplayer\dev\ultra-fortress\src\game\server\release_tf2vintage\sound.obj
c:\program files (x86)\steam\steamapps\common\source sdk base 2013 multiplayer\dev\ultra-fortress\src\game\server\release_tf2vintage\entity_tfstart.obj
c:\program files (x86)\steam\steamapps\common\source sdk base 2013 multiplayer\dev\ultra-fortress\src\game\server\release_tf2vintage\triggers.obj
c:\program files (x86)\steam\steamapps\common\source sdk base 2013 multiplayer\dev\ultra-fortress\src\game\server\release_tf2vintage\attribute_manager.obj
c:\program files (x86)\steam\steamapps\common\source sdk base 2013 multiplayer\dev\ultra-fortress\src\game\server\release_tf2vintage\eventlist.obj
c:\program files (x86)\steam\steamapps\common\source sdk base 2013 multiplayer\dev\ultra-fortress\src\game\server\release_tf2vintage\gamestringpool.obj
c:\program files (x86)\steam\steamapps\common\source sdk base 2013 multiplayer\dev\ultra-fortress\src\game\server\release_tf2vintage\physics_shared.obj
c:\program files (x86)\steam\steamapps\common\source sdk base 2013 multiplayer\dev\ultra-fortress\src\game\server\release_tf2vintage\sceneentity_shared.obj
c:\program files (x86)\steam\steamapps\common\source sdk base 2013 multiplayer\dev\ultra-fortress\src\game\server\release_tf2vintage\soundenvelope.obj
c:\program files (x86)\steam\steamapps\common\source sdk base 2013 multiplayer\dev\ultra-fortress\src\game\server\release_tf2vintage\tf_obj_baseupgrade_shared.obj
c:\program files (x86)\steam\steamapps\common\source sdk base 2013 multiplayer\dev\ultra-fortress\src\game\server\release_tf2vintage\soundparametersinternal.obj
c:\program files (x86)\steam\steamapps\common\source sdk base 2013 multiplayer\dev\ultra-fortress\src\game\server\release_tf2vintage\entitydissolve.obj
c:\program files (x86)\steam\steamapps\common\source sdk base 2013 multiplayer\dev\ultra-fortress\src\game\server\release_tf2vintage\env_screenoverlay.obj
c:\program files (x86)\steam\steamapps\common\source sdk base 2013 multiplayer\dev\ultra-fortress\src\game\server\release_tf2vintage\event_tempentity_tester.obj
c:\program files (x86)\steam\steamapps\common\source sdk base 2013 multiplayer\dev\ultra-fortress\src\game\server\release_tf2vintage\fogcontroller.obj
c:\program files (x86)\steam\steamapps\common\source sdk base 2013 multiplayer\dev\ultra-fortress\src\game\server\release_tf2vintage\func_movelinear.obj
c:\program files (x86)\steam\steamapps\common\source sdk base 2013 multiplayer\dev\ultra-fortress\src\game\server\release_tf2vintage\genericmonster.obj
c:\program files (x86)\steam\steamapps\common\source sdk base 2013 multiplayer\dev\ultra-fortress\src\game\server\release_tf2vintage\ndebugoverlay.obj
c:\program files (x86)\steam\steamapps\common\source sdk base 2013 multiplayer\dev\ultra-fortress\src\game\server\release_tf2vintage\scenecache.obj
c:\program files (x86)\steam\steamapps\common\source sdk base 2013 multiplayer\dev\ultra-fortress\src\game\server\release_tf2vintage\hintsystem.obj
c:\program files (x86)\steam\steamapps\common\source sdk base 2013 multiplayer\dev\ultra-fortress\src\game\server\release_tf2vintage\physics_main_shared.obj
c:\program files (x86)\steam\steamapps\common\source sdk base 2013 multiplayer\dev\ultra-fortress\src\game\server\release_tf2vintage\script_parser.obj
c:\program files (x86)\steam\steamapps\common\source sdk base 2013 multiplayer\dev\ultra-fortress\src\game\server\release_tf2vintage\tf_usermessages.obj
c:\program files (x86)\steam\steamapps\common\source sdk base 2013 multiplayer\dev\ultra-fortress\src\game\server\release_tf2vintage\haptic_utils.obj
c:\program files (x86)\steam\steamapps\common\source sdk base 2013 multiplayer\dev\ultra-fortress\src\game\server\release_tf2vintage\envfade.obj
c:\program files (x86)\steam\steamapps\common\source sdk base 2013 multiplayer\dev\ultra-fortress\src\game\server\release_tf2vintage\envlaser.obj
c:\program files (x86)\steam\steamapps\common\source sdk base 2013 multiplayer\dev\ultra-fortress\src\game\server\release_tf2vintage\servernetworkproperty.obj
c:\program files (x86)\steam\steamapps\common\source sdk base 2013 multiplayer\dev\ultra-fortress\src\game\server\release_tf2vintage\playerlocaldata.obj
c:\program files (x86)\steam\steamapps\common\source sdk base 2013 multiplayer\dev\ultra-fortress\src\game\server\release_tf2vintage\pointhurt.obj
c:\program files (x86)\steam\steamapps\common\source sdk base 2013 multiplayer\dev\ultra-fortress\src\game\server\release_tf2vintage\rope.obj
c:\program files (x86)\steam\steamapps\common\source sdk base 2013 multiplayer\dev\ultra-fortress\src\game\server\release_tf2vintage\smokestack.obj
c:\program files (x86)\steam\steamapps\common\source sdk base 2013 multiplayer\dev\ultra-fortress\src\game\server\release_tf2vintage\tactical_mission.obj
c:\program files (x86)\steam\steamapps\common\source sdk base 2013 multiplayer\dev\ultra-fortress\src\game\server\release_tf2vintage\te_bspdecal.obj
c:\program files (x86)\steam\steamapps\common\source sdk base 2013 multiplayer\dev\ultra-fortress\src\game\server\release_tf2vintage\te_fizz.obj
c:\program files (x86)\steam\steamapps\common\source sdk base 2013 multiplayer\dev\ultra-fortress\src\game\server\release_tf2vintage\te_physicsprop.obj
c:\program files (x86)\steam\steamapps\common\source sdk base 2013 multiplayer\dev\ultra-fortress\src\game\server\release_tf2vintage\test_proxytoggle.obj
c:\program files (x86)\steam\steamapps\common\source sdk base 2013 multiplayer\dev\ultra-fortress\src\game\server\release_tf2vintage\vguiscreen.obj
c:\program files (x86)\steam\steamapps\common\source sdk base 2013 multiplayer\dev\ultra-fortress\src\game\server\release_tf2vintage\sequence_transitioner.obj
c:\program files (x86)\steam\steamapps\common\source sdk base 2013 multiplayer\dev\ultra-fortress\src\game\server\release_tf2vintage\studio_shared.obj
c:\program files (x86)\steam\steamapps\common\source sdk base 2013 multiplayer\dev\ultra-fortress\src\game\server\release_tf2vintage\teamplay_gamerules.obj
c:\program files (x86)\steam\steamapps\common\source sdk base 2013 multiplayer\dev\ultra-fortress\src\game\server\release_tf2vintage\env_zoom.obj
c:\program files (x86)\steam\steamapps\common\source sdk base 2013 multiplayer\dev\ultra-fortress\src\game\server\release_tf2vintage\fourwheelvehiclephysics.obj
c:\program files (x86)\steam\steamapps\common\source sdk base 2013 multiplayer\dev\ultra-fortress\src\game\server\release_tf2vintage\info_camera_link.obj
c:\program files (x86)\steam\steamapps\common\source sdk base 2013 multiplayer\dev\ultra-fortress\src\game\server\release_tf2vintage\message_entity.obj
c:\program files (x86)\steam\steamapps\common\source sdk base 2013 multiplayer\dev\ultra-fortress\src\game\server\release_tf2vintage\nav_ladder.obj
c:\program files (x86)\steam\steamapps\common\source sdk base 2013 multiplayer\dev\ultra-fortress\src\game\server\release_tf2vintage\particle_light.obj
c:\program files (x86)\steam\steamapps\common\source sdk base 2013 multiplayer\dev\ultra-fortress\src\game\server\release_tf2vintage\physconstraint.obj
c:\program files (x86)\steam\steamapps\common\source sdk base 2013 multiplayer\dev\ultra-fortress\src\game\server\release_tf2vintage\player_command.obj
c:\program files (x86)\steam\steamapps\common\source sdk base 2013 multiplayer\dev\ultra-fortress\src\game\server\release_tf2vintage\playerinfomanager.obj
c:\program files (x86)\steam\steamapps\common\source sdk base 2013 multiplayer\dev\ultra-fortress\src\game\server\release_tf2vintage\point_devshot_camera.obj
c:\program files (x86)\steam\steamapps\common\source sdk base 2013 multiplayer\dev\ultra-fortress\src\game\server\release_tf2vintage\scratchpad_gamedll_helpers.obj
c:\program files (x86)\steam\steamapps\common\source sdk base 2013 multiplayer\dev\ultra-fortress\src\game\server\release_tf2vintage\slideshow_display.obj
c:\program files (x86)\steam\steamapps\common\source sdk base 2013 multiplayer\dev\ultra-fortress\src\game\server\release_tf2vintage\steamjet.obj
c:\program files (x86)\steam\steamapps\common\source sdk base 2013 multiplayer\dev\ultra-fortress\src\game\server\release_tf2vintage\te_basebeam.obj
c:\program files (x86)\steam\steamapps\common\source sdk base 2013 multiplayer\dev\ultra-fortress\src\game\server\release_tf2vintage\te_beamspline.obj
c:\program files (x86)\steam\steamapps\common\source sdk base 2013 multiplayer\dev\ultra-fortress\src\game\server\release_tf2vintage\te_bubbletrail.obj
c:\program files (x86)\steam\steamapps\common\source sdk base 2013 multiplayer\dev\ultra-fortress\src\game\server\release_tf2vintage\te_glowsprite.obj
c:\program files (x86)\steam\steamapps\common\source sdk base 2013 multiplayer\dev\ultra-fortress\src\game\server\release_tf2vintage\te_sprite.obj
c:\program files (x86)\steam\steamapps\common\source sdk base 2013 multiplayer\dev\ultra-fortress\src\game\server\release_tf2vintage\test_stressentities.obj
c:\program files (x86)\steam\steamapps\common\source sdk base 2013 multiplayer\dev\ultra-fortress\src\game\server\release_tf2vintage\waterbullet.obj
c:\program files (x86)\steam\steamapps\common\source sdk base 2013 multiplayer\dev\ultra-fortress\src\game\server\release_tf2vintage\econ_item_view.obj
c:\program files (x86)\steam\steamapps\common\source sdk base 2013 multiplayer\dev\ultra-fortress\src\game\server\release_tf2vintage\gamerules.obj
c:\program files (x86)\steam\steamapps\common\source sdk base 2013 multiplayer\dev\ultra-fortress\src\game\server\release_tf2vintage\tf_playerclass_info_parse.obj
c:\program files (x86)\steam\steamapps\common\source sdk base 2013 multiplayer\dev\ultra-fortress\src\game\server\release_tf2vintage\fish.obj
c:\program files (x86)\steam\steamapps\common\source sdk base 2013 multiplayer\dev\ultra-fortress\src\game\server\release_tf2vintage\func_occluder.obj
c:\program files (x86)\steam\steamapps\common\source sdk base 2013 multiplayer\dev\ultra-fortress\src\game\server\release_tf2vintage\gameinterface.obj
c:\program files (x86)\steam\steamapps\common\source sdk base 2013 multiplayer\dev\ultra-fortress\src\game\server\release_tf2vintage\props.obj
c:\program files (x86)\steam\steamapps\common\source sdk base 2013 multiplayer\dev\ultra-fortress\src\game\server\release_tf2vintage\tf_timer.obj
c:\program files (x86)\steam\steamapps\common\source sdk base 2013 multiplayer\dev\ultra-fortress\src\game\server\release_tf2vintage\world.obj
c:\program files (x86)\steam\steamapps\common\source sdk base 2013 multiplayer\dev\ultra-fortress\src\game\server\release_tf2vintage\serverbenchmark_base.obj
c:\program files (x86)\steam\steamapps\common\source sdk base 2013 multiplayer\dev\ultra-fortress\src\game\server\release_tf2vintage\survival_gamerules.obj
c:\program files (x86)\steam\steamapps\common\source sdk base 2013 multiplayer\dev\ultra-fortress\src\game\server\release_tf2vintage\mp_shareddefs.obj
c:\program files (x86)\steam\steamapps\common\source sdk base 2013 multiplayer\dev\ultra-fortress\src\game\server\release_tf2vintage\particle_parse.obj
c:\program files (x86)\steam\steamapps\common\source sdk base 2013 multiplayer\dev\ultra-fortress\src\game\server\release_tf2vintage\voice_gamemgr.obj
c:\program files (x86)\steam\steamapps\common\source sdk base 2013 multiplayer\dev\ultra-fortress\src\game\server\release_tf2vintage\haptic_msgs.obj
c:\program files (x86)\steam\steamapps\common\source sdk base 2013 multiplayer\dev\ultra-fortress\src\game\server\release_tf2vintage\envbeam.obj
c:\program files (x86)\steam\steamapps\common\source sdk base 2013 multiplayer\dev\ultra-fortress\src\game\server\release_tf2vintage\envspark.obj
c:\program files (x86)\steam\steamapps\common\source sdk base 2013 multiplayer\dev\ultra-fortress\src\game\server\release_tf2vintage\materialmodifycontrol.obj
c:\program files (x86)\steam\steamapps\common\source sdk base 2013 multiplayer\dev\ultra-fortress\src\game\server\release_tf2vintage\basetempentity.obj
c:\program files (x86)\steam\steamapps\common\source sdk base 2013 multiplayer\dev\ultra-fortress\src\game\server\release_tf2vintage\entitylist.obj
c:\program files (x86)\steam\steamapps\common\source sdk base 2013 multiplayer\dev\ultra-fortress\src\game\server\release_tf2vintage\func_smokevolume.obj
c:\program files (x86)\steam\steamapps\common\source sdk base 2013 multiplayer\dev\ultra-fortress\src\game\server\release_tf2vintage\guntarget.obj
c:\program files (x86)\steam\steamapps\common\source sdk base 2013 multiplayer\dev\ultra-fortress\src\game\server\release_tf2vintage\item_world.obj
c:\program files (x86)\steam\steamapps\common\source sdk base 2013 multiplayer\dev\ultra-fortress\src\game\server\release_tf2vintage\nav_area.obj
c:\program files (x86)\steam\steamapps\common\source sdk base 2013 multiplayer\dev\ultra-fortress\src\game\server\release_tf2vintage\plugin_check.obj
c:\program files (x86)\steam\steamapps\common\source sdk base 2013 multiplayer\dev\ultra-fortress\src\game\server\release_tf2vintage\point_camera.obj
c:\program files (x86)\steam\steamapps\common\source sdk base 2013 multiplayer\dev\ultra-fortress\src\game\server\release_tf2vintage\pointteleport.obj
c:\program files (x86)\steam\steamapps\common\source sdk base 2013 multiplayer\dev\ultra-fortress\src\game\server\release_tf2vintage\sceneentity.obj
c:\program files (x86)\steam\steamapps\common\source sdk base 2013 multiplayer\dev\ultra-fortress\src\game\server\release_tf2vintage\entity_roundwin.obj
c:\program files (x86)\steam\steamapps\common\source sdk base 2013 multiplayer\dev\ultra-fortress\src\game\server\release_tf2vintage\wcedit.obj
c:\program files (x86)\steam\steamapps\common\source sdk base 2013 multiplayer\dev\ultra-fortress\src\game\server\release_tf2vintage\entityflame.obj
c:\program files (x86)\steam\steamapps\common\source sdk base 2013 multiplayer\dev\ultra-fortress\src\game\server\release_tf2vintage\entity_tools_server.obj
c:\program files (x86)\steam\steamapps\common\source sdk base 2013 multiplayer\dev\ultra-fortress\src\game\server\release_tf2vintage\globals.obj
c:\program files (x86)\steam\steamapps\common\source sdk base 2013 multiplayer\dev\ultra-fortress\src\game\server\release_tf2vintage\hierarchy.obj
c:\program files (x86)\steam\steamapps\common\source sdk base 2013 multiplayer\dev\ultra-fortress\src\game\server\release_tf2vintage\info_overlay_accessor.obj
c:\program files (x86)\steam\steamapps\common\source sdk base 2013 multiplayer\dev\ultra-fortress\src\game\server\release_tf2vintage\logicauto.obj
c:\program files (x86)\steam\steamapps\common\source sdk base 2013 multiplayer\dev\ultra-fortress\src\game\server\release_tf2vintage\movie_explosion.obj
c:\program files (x86)\steam\steamapps\common\source sdk base 2013 multiplayer\dev\ultra-fortress\src\game\server\release_tf2vintage\nav_generate.obj
c:\program files (x86)\steam\steamapps\common\source sdk base 2013 multiplayer\dev\ultra-fortress\src\game\server\release_tf2vintage\physics_impact_damage.obj
c:\program files (x86)\steam\steamapps\common\source sdk base 2013 multiplayer\dev\ultra-fortress\src\game\server\release_tf2vintage\physobj.obj
c:\program files (x86)\steam\steamapps\common\source sdk base 2013 multiplayer\dev\ultra-fortress\src\game\server\release_tf2vintage\recipientfilter.obj
c:\program files (x86)\steam\steamapps\common\source sdk base 2013 multiplayer\dev\ultra-fortress\src\game\server\release_tf2vintage\shadowcontrol.obj
c:\program files (x86)\steam\steamapps\common\source sdk base 2013 multiplayer\dev\ultra-fortress\src\game\server\release_tf2vintage\soundent.obj
c:\program files (x86)\steam\steamapps\common\source sdk base 2013 multiplayer\dev\ultra-fortress\src\game\server\release_tf2vintage\sprite_perfmonitor.obj
c:\program files (x86)\steam\steamapps\common\source sdk base 2013 multiplayer\dev\ultra-fortress\src\game\server\release_tf2vintage\te.obj
c:\program files (x86)\steam\steamapps\common\source sdk base 2013 multiplayer\dev\ultra-fortress\src\game\server\release_tf2vintage\te_beamring.obj
c:\program files (x86)\steam\steamapps\common\source sdk base 2013 multiplayer\dev\ultra-fortress\src\game\server\release_tf2vintage\te_clientprojectile.obj
c:\program files (x86)\steam\steamapps\common\source sdk base 2013 multiplayer\dev\ultra-fortress\src\game\server\release_tf2vintage\te_impact.obj
c:\program files (x86)\steam\steamapps\common\source sdk base 2013 multiplayer\dev\ultra-fortress\src\game\server\release_tf2vintage\te_sparks.obj
c:\program files (x86)\steam\steamapps\common\source sdk base 2013 multiplayer\dev\ultra-fortress\src\game\server\release_tf2vintage\tesla.obj
c:\program files (x86)\steam\steamapps\common\source sdk base 2013 multiplayer\dev\ultra-fortress\src\game\server\release_tf2vintage\precache_register.obj
c:\program files (x86)\steam\steamapps\common\source sdk base 2013 multiplayer\dev\ultra-fortress\src\game\server\release_tf2vintage\predictableid.obj
c:\program files (x86)\steam\steamapps\common\source sdk base 2013 multiplayer\dev\ultra-fortress\src\game\server\release_tf2vintage\rope_helpers.obj
c:\program files (x86)\steam\steamapps\common\source sdk base 2013 multiplayer\dev\ultra-fortress\src\game\server\release_tf2vintage\singleplay_gamerules.obj
c:\program files (x86)\steam\steamapps\common\source sdk base 2013 multiplayer\dev\ultra-fortress\src\game\server\release_tf2vintage\test_ehandle.obj
c:\program files (x86)\steam\steamapps\common\source sdk base 2013 multiplayer\dev\ultra-fortress\src\game\server\release_tf2vintage\skycamera.obj
c:\program files (x86)\steam\steamapps\common\source sdk base 2013 multiplayer\dev\ultra-fortress\src\game\server\release_tf2vintage\env_player_surface_trigger.obj
c:\program files (x86)\steam\steamapps\common\source sdk base 2013 multiplayer\dev\ultra-fortress\src\game\server\release_tf2vintage\env_texturetoggle.obj
c:\program files (x86)\steam\steamapps\common\source sdk base 2013 multiplayer\dev\ultra-fortress\src\game\server\release_tf2vintage\filters.obj
c:\program files (x86)\steam\steamapps\common\source sdk base 2013 multiplayer\dev\ultra-fortress\src\game\server\release_tf2vintage\te_gaussexplosion.obj
c:\program files (x86)\steam\steamapps\common\source sdk base 2013 multiplayer\dev\ultra-fortress\src\game\server\release_tf2vintage\lights.obj
c:\program files (x86)\steam\steamapps\common\source sdk base 2013 multiplayer\dev\ultra-fortress\src\game\server\release_tf2vintage\movehelper_server.obj
c:\program files (x86)\steam\steamapps\common\source sdk base 2013 multiplayer\dev\ultra-fortress\src\game\server\release_tf2vintage\nav_edit.obj
c:\program files (x86)\steam\steamapps\common\source sdk base 2013 multiplayer\dev\ultra-fortress\src\game\server\release_tf2vintage\physics_fx.obj
c:\program files (x86)\steam\steamapps\common\source sdk base 2013 multiplayer\dev\ultra-fortress\src\game\server\release_tf2vintage\physics_npc_solver.obj
c:\program files (x86)\steam\steamapps\common\source sdk base 2013 multiplayer\dev\ultra-fortress\src\game\server\release_tf2vintage\pointanglesensor.obj
c:\program files (x86)\steam\steamapps\common\source sdk base 2013 multiplayer\dev\ultra-fortress\src\game\server\release_tf2vintage\saverestore_gamedll.obj
c:\program files (x86)\steam\steamapps\common\source sdk base 2013 multiplayer\dev\ultra-fortress\src\game\server\release_tf2vintage\smoke_trail.obj
c:\program files (x86)\steam\steamapps\common\source sdk base 2013 multiplayer\dev\ultra-fortress\src\game\server\release_tf2vintage\te_armorricochet.obj
c:\program files (x86)\steam\steamapps\common\source sdk base 2013 multiplayer\dev\ultra-fortress\src\game\server\release_tf2vintage\te_beampoints.obj
c:\program files (x86)\steam\steamapps\common\source sdk base 2013 multiplayer\dev\ultra-fortress\src\game\server\release_tf2vintage\te_dynamiclight.obj
c:\program files (x86)\steam\steamapps\common\source sdk base 2013 multiplayer\dev\ultra-fortress\src\game\server\release_tf2vintage\te_killplayerattachments.obj
c:\program files (x86)\steam\steamapps\common\source sdk base 2013 multiplayer\dev\ultra-fortress\src\game\server\release_tf2vintage\te_showline.obj
c:\program files (x86)\steam\steamapps\common\source sdk base 2013 multiplayer\dev\ultra-fortress\src\game\server\release_tf2vintage\team_objectiveresource.obj
c:\program files (x86)\steam\steamapps\common\source sdk base 2013 multiplayer\dev\ultra-fortress\src\game\server\release_tf2vintage\util.obj
c:\program files (x86)\steam\steamapps\common\source sdk base 2013 multiplayer\dev\ultra-fortress\src\game\server\release_tf2vintage\econ_wearable.obj
c:\program files (x86)\steam\steamapps\common\source sdk base 2013 multiplayer\dev\ultra-fortress\src\game\server\release_tf2vintage\env_wind_shared.obj
c:\program files (x86)\steam\steamapps\common\source sdk base 2013 multiplayer\dev\ultra-fortress\src\game\server\release_tf2vintage\movevars_shared.obj
c:\program files (x86)\steam\steamapps\common\source sdk base 2013 multiplayer\dev\ultra-fortress\src\game\server\release_tf2vintage\physics_saverestore.obj
c:\program files (x86)\steam\steamapps\common\source sdk base 2013 multiplayer\dev\ultra-fortress\src\game\server\release_tf2vintage\envmicrophone.obj
c:\program files (x86)\steam\steamapps\common\source sdk base 2013 multiplayer\dev\ultra-fortress\src\game\server\release_tf2vintage\func_breakablesurf.obj
c:\program files (x86)\steam\steamapps\common\source sdk base 2013 multiplayer\dev\ultra-fortress\src\game\server\release_tf2vintage\movement.obj
c:\program files (x86)\steam\steamapps\common\source sdk base 2013 multiplayer\dev\ultra-fortress\src\game\server\release_tf2vintage\nav_merge.obj
c:\program files (x86)\steam\steamapps\common\source sdk base 2013 multiplayer\dev\ultra-fortress\src\game\server\release_tf2vintage\particle_smokegrenade.obj
c:\program files (x86)\steam\steamapps\common\source sdk base 2013 multiplayer\dev\ultra-fortress\src\game\server\release_tf2vintage\physics_bone_follower.obj
c:\program files (x86)\steam\steamapps\common\source sdk base 2013 multiplayer\dev\ultra-fortress\src\game\server\release_tf2vintage\tf_gameinterface.obj
c:\program files (x86)\steam\steamapps\common\source sdk base 2013 multiplayer\dev\ultra-fortress\src\game\server\release_tf2vintage\tf_vehicle_jeep.obj
c:\program files (x86)\steam\steamapps\common\source sdk base 2013 multiplayer\dev\ultra-fortress\src\game\server\release_tf2vintage\gamestats.obj
c:\program files (x86)\steam\steamapps\common\source sdk base 2013 multiplayer\dev\ultra-fortress\src\game\server\release_tf2vintage\querycache.obj
c:\program files (x86)\steam\steamapps\common\source sdk base 2013 multiplayer\dev\ultra-fortress\src\game\server\release_tf2vintage\usermessages.obj
c:\program files (x86)\steam\steamapps\common\source sdk base 2013 multiplayer\dev\ultra-fortress\src\game\server\release_tf2vintage\vehicle_viewblend_shared.obj
c:\program files (x86)\steam\steamapps\common\source sdk base 2013 multiplayer\dev\ultra-fortress\src\game\server\release_tf2vintage\eventlog.obj
c:\program files (x86)\steam\steamapps\common\source sdk base 2013 multiplayer\dev\ultra-fortress\src\game\server\release_tf2vintage\templateentities.obj
c:\program files (x86)\steam\steamapps\common\source sdk base 2013 multiplayer\dev\ultra-fortress\src\game\server\release_tf2vintage\env_tonemap_controller.obj
c:\program files (x86)\steam\steamapps\common\source sdk base 2013 multiplayer\dev\ultra-fortress\src\game\server\release_tf2vintage\func_areaportalwindow.obj
c:\program files (x86)\steam\steamapps\common\source sdk base 2013 multiplayer\dev\ultra-fortress\src\game\server\release_tf2vintage\func_lod.obj
c:\program files (x86)\steam\steamapps\common\source sdk base 2013 multiplayer\dev\ultra-fortress\src\game\server\release_tf2vintage\game_ui.obj
c:\program files (x86)\steam\steamapps\common\source sdk base 2013 multiplayer\dev\ultra-fortress\src\game\server\release_tf2vintage\func_monitor.obj
c:\program files (x86)\steam\steamapps\common\source sdk base 2013 multiplayer\dev\ultra-fortress\src\game\server\release_tf2vintage\logic_measure_movement.obj
c:\program files (x86)\steam\steamapps\common\source sdk base 2013 multiplayer\dev\ultra-fortress\src\game\server\release_tf2vintage\modelentities.obj
c:\program files (x86)\steam\steamapps\common\source sdk base 2013 multiplayer\dev\ultra-fortress\src\game\server\release_tf2vintage\nav_entities.obj
c:\program files (x86)\steam\steamapps\common\source sdk base 2013 multiplayer\dev\ultra-fortress\src\game\server\release_tf2vintage\plasma.obj
c:\program files (x86)\steam\steamapps\common\source sdk base 2013 multiplayer\dev\ultra-fortress\src\game\server\release_tf2vintage\player_lagcompensation.obj
c:\program files (x86)\steam\steamapps\common\source sdk base 2013 multiplayer\dev\ultra-fortress\src\game\server\release_tf2vintage\point_playermoveconstraint.obj
c:\program files (x86)\steam\steamapps\common\source sdk base 2013 multiplayer\dev\ultra-fortress\src\game\server\release_tf2vintage\ragdoll_manager.obj
c:\program files (x86)\steam\steamapps\common\source sdk base 2013 multiplayer\dev\ultra-fortress\src\game\server\release_tf2vintage\subs.obj
c:\program files (x86)\steam\steamapps\common\source sdk base 2013 multiplayer\dev\ultra-fortress\src\game\server\release_tf2vintage\te_beamentpoint.obj
c:\program files (x86)\steam\steamapps\common\source sdk base 2013 multiplayer\dev\ultra-fortress\src\game\server\release_tf2vintage\te_breakmodel.obj
c:\program files (x86)\steam\steamapps\common\source sdk base 2013 multiplayer\dev\ultra-fortress\src\game\server\release_tf2vintage\te_glassshatter.obj
c:\program files (x86)\steam\steamapps\common\source sdk base 2013 multiplayer\dev\ultra-fortress\src\game\server\release_tf2vintage\soundemittersystem.obj
c:\program files (x86)\steam\steamapps\common\source sdk base 2013 multiplayer\dev\ultra-fortress\src\game\server\release_tf2vintage\hintmessage.obj
c:\program files (x86)\steam\steamapps\common\source sdk base 2013 multiplayer\dev\ultra-fortress\src\game\server\release_tf2vintage\particlesystemquery.obj
c:\program files (x86)\steam\steamapps\common\source sdk base 2013 multiplayer\dev\ultra-fortress\src\game\server\release_tf2vintage\ragdollboogie.obj
c:\program files (x86)\steam\steamapps\common\source sdk base 2013 multiplayer\dev\ultra-fortress\src\game\server\release_tf2vintage\env_effectsscript.obj
c:\program files (x86)\steam\steamapps\common\source sdk base 2013 multiplayer\dev\ultra-fortress\src\game\server\release_tf2vintage\explode.obj
c:\program files (x86)\steam\steamapps\common\source sdk base 2013 multiplayer\dev\ultra-fortress\src\game\server\release_tf2vintage\globalstate.obj
c:\program files (x86)\steam\steamapps\common\source sdk base 2013 multiplayer\dev\ultra-fortress\src\game\server\release_tf2vintage\logicentities.obj
c:\program files (x86)\steam\steamapps\common\source sdk base 2013 multiplayer\dev\ultra-fortress\src\game\server\release_tf2vintage\nav_node.obj
c:\program files (x86)\steam\steamapps\common\source sdk base 2013 multiplayer\dev\ultra-fortress\src\game\server\release_tf2vintage\physics.obj
c:\program files (x86)\steam\steamapps\common\source sdk base 2013 multiplayer\dev\ultra-fortress\src\game\server\release_tf2vintage\scripted.obj
c:\program files (x86)\steam\steamapps\common\source sdk base 2013 multiplayer\dev\ultra-fortress\src\game\server\release_tf2vintage\te_decal.obj
c:\program files (x86)\steam\steamapps\common\source sdk base 2013 multiplayer\dev\ultra-fortress\src\game\server\release_tf2vintage\te_largefunnel.obj
c:\program files (x86)\steam\steamapps\common\source sdk base 2013 multiplayer\dev\ultra-fortress\src\game\server\release_tf2vintage\te_spritespray.obj
c:\program files (x86)\steam\steamapps\common\source sdk base 2013 multiplayer\dev\ultra-fortress\src\game\server\release_tf2vintage\textstatsmgr.obj
c:\program files (x86)\steam\steamapps\common\source sdk base 2013 multiplayer\dev\ultra-fortress\src\game\server\release_tf2vintage\weight_button.obj
c:\program files (x86)\steam\steamapps\common\source sdk base 2013 multiplayer\dev\ultra-fortress\src\game\server\release_tf2vintage\pointeroverride.obj
c:\program files (x86)\steam\steamapps\common\source sdk base 2013 multiplayer\dev\ultra-fortress\src\game\server\server_tf2vintage.vpc.sentinel
c:\program files (x86)\steam\steamapps\common\source sdk base 2013 multiplayer\dev\ultra-fortress\src\game\server\release_tf2vintage\server.lib
c:\program files (x86)\steam\steamapps\common\source sdk base 2013 multiplayer\dev\ultra-fortress\src\game\server\release_tf2vintage\server.exp
c:\program files (x86)\steam\steamapps\common\source sdk base 2013 multiplayer\dev\ultra-fortress\src\game\server\release_tf2vintage\server.pdb
c:\program files (x86)\steam\steamapps\common\source sdk base 2013 multiplayer\dev\ultra-fortress\src\game\server\release_tf2vintage\server (tf).tlog\cl.command.1.tlog
c:\program files (x86)\steam\steamapps\common\source sdk base 2013 multiplayer\dev\ultra-fortress\src\game\server\release_tf2vintage\server (tf).tlog\cl.read.1.tlog
c:\program files (x86)\steam\steamapps\common\source sdk base 2013 multiplayer\dev\ultra-fortress\src\game\server\release_tf2vintage\server (tf).tlog\cl.write.1.tlog
c:\program files (x86)\steam\steamapps\common\source sdk base 2013 multiplayer\dev\ultra-fortress\src\game\server\release_tf2vintage\server (tf).tlog\custombuild.command.1.tlog
c:\program files (x86)\steam\steamapps\common\source sdk base 2013 multiplayer\dev\ultra-fortress\src\game\server\release_tf2vintage\server (tf).tlog\custombuild.read.1.tlog
c:\program files (x86)\steam\steamapps\common\source sdk base 2013 multiplayer\dev\ultra-fortress\src\game\server\release_tf2vintage\server (tf).tlog\custombuild.write.1.tlog
c:\program files (x86)\steam\steamapps\common\source sdk base 2013 multiplayer\dev\ultra-fortress\src\game\server\release_tf2vintage\server (tf).tlog\link.command.1.tlog
c:\program files (x86)\steam\steamapps\common\source sdk base 2013 multiplayer\dev\ultra-fortress\src\game\server\release_tf2vintage\server (tf).tlog\link.read.1.tlog
c:\program files (x86)\steam\steamapps\common\source sdk base 2013 multiplayer\dev\ultra-fortress\src\game\server\release_tf2vintage\server (tf).tlog\link.write.1.tlog
c:\program files (x86)\steam\steamapps\common\source sdk base 2013 multiplayer\dev\ultra-fortress\src\game\server\release_tf2vintage\server (tf).tlog\server (tf).write.1u.tlog
