Build started 2021-05-16(일) 오전 11:46:59.
     1>Project "C:\Program Files (x86)\Steam\steamapps\common\Source SDK Base 2013 Multiplayer\dev\Ultra-Fortress\src\game\server\server_tf2vintage.vcxproj" on node 2 (Build target(s)).
     1>PreBuildEvent:
         if EXIST ..\..\..\game\tf2vintage\bin\.\server.dll for /f "delims=" %%A in ('attrib "..\..\..\game\tf2vintage\bin\.\server.dll"') do set valveTmpIsReadOnly="%%A"
         set valveTmpIsReadOnlyLetter=%valveTmpIsReadOnly:~6,1%
         if "%valveTmpIsReadOnlyLetter%"=="R" del /q "C:\Program Files (x86)\Steam\steamapps\common\Source SDK Base 2013 Multiplayer\dev\Ultra-Fortress\src\game\server\Release_tf2vintage\"server.dll
         if exist "..\..\devtools\bin\vpc.exe" "..\..\devtools\bin\vpc.exe" -crc2 "server_tf2vintage.vcxproj"
         if ERRORLEVEL 1 exit /b 1
         
         :VCEnd
       CustomBuild:
         Running VPC CRC Check - server_tf2vintage.vpc
         액세스가 거부되었습니다.
       ClCompile:
         C:\Program Files (x86)\Microsoft Visual Studio 12.0\VC\bin\CL.exe /c /I..\..\common /I..\..\public /I..\..\public\tier0 /I..\..\public\tier1 /I..\..\game\server\generated_proto_tf2vintage /I"..\..\thirdparty\protobuf-2.3.0\src" /I.\ /I..\..\game\shared /I..\..\utils\common /I..\..\game\shared\econ /I..\..\game\server\NextBot /I..\..\game\shared\tf /I.\tf /I..\..\game\shared\Multiplayer /I..\..\game\shared\econ /Zi /nologo /W1 /WX- /MP /O2 /Ob2 /Oi /Ot /Oy- /D VPC /D RAD_TELEMETRY_DISABLED /D WIN32 /D _WIN32 /D NDEBUG /D _WINDOWS /D _USRDLL /D _CRT_SECURE_NO_DEPRECATE /D _CRT_NONSTDC_NO_DEPRECATE /D _ALLOW_RUNTIME_LIBRARY_MISMATCH /D _ALLOW_ITERATOR_DEBUG_LEVEL_MISMATCH /D _ALLOW_MSC_VER_MISMATCH /D _WINDLL /D _MBCS /D COMPILER_MSVC32 /D COMPILER_MSVC32 /D COMPILER_MSVC /D _DLL_EXT=.dll /D DLLNAME=server /D BINK_VIDEO /D AVI_VIDEO /D WMV_VIDEO /D DEV_BUILD /D FRAME_POINTER_OMISSION_DISABLED /D GAME_DLL /D VECTOR /D VERSION_SAFE_STEAM_API_INTERFACES /D PROTECTED_THINGS_ENABLE /D sprintf=use_Q_snprintf_instead_of_sprintf /D strncpy=use_Q_strncpy_instead /D _snprintf=use_Q_snprintf_instead /D fopen=dont_use_fopen /D USE_NAV_MESH /D TF_VINTAGE /D GLOWS_ENABLE /D _EXTERNAL_DLL_EXT=.dll /D VPCGAMECAPS=TF2VINTAGE /D "PROJECTDIR=C:\Program Files (x86)\Steam\steamapps\common\Source SDK Base 2013 Multiplayer\dev\Ultra-Fortress\src\game\server" /D _DLL_EXT=.dll /D SOURCE1=1 /D VPCGAME=tf2vintage /GF /Gm- /MT /GS /Gy /arch:SSE /fp:fast /Zc:wchar_t /Zc:forScope /GR /Yu"cbase.h" /Fp".\Release_tf2vintage\server.pch" /Fo".\Release_tf2vintage\/" /Fd".\Release_tf2vintage\/vc120.pdb" /Gd /TP /wd4819 /wd4316 /analyze- /FC /errorReport:prompt /Zm200 /Zo /Gw /Zc:inline ..\..\game\shared\tf\tf_player_shared.cpp
         tf_player_shared.cpp
       Link:
         C:\Program Files (x86)\Microsoft Visual Studio 12.0\VC\bin\link.exe /ERRORREPORT:PROMPT /OUT:".\Release_tf2vintage\\server.dll" /INCREMENTAL:NO /NOLOGO /LIBPATH:..\..\lib\common\. /LIBPATH:..\..\lib\public\. shell32.lib user32.lib advapi32.lib gdi32.lib comdlg32.lib ole32.lib winmm.lib /NODEFAULTLIB:libc /NODEFAULTLIB:libcd /NODEFAULTLIB:libcmtd /NODEFAULTLIB:libcpmtd /NODEFAULTLIB:libcpmtd0 /NODEFAULTLIB:libcpmtd1 /MANIFEST:NO /DEBUG /PDB:".\Release_tf2vintage\/server.pdb" /SUBSYSTEM:WINDOWS /OPT:REF /OPT:NOICF /TLBID:1 /DYNAMICBASE:NO /NXCOMPAT /IMPLIB:".\Release_tf2vintage\server.lib" /MACHINE:X86 /SAFESEH:NO  /ignore:4221 /DLL .\Release_tf2vintage\\pointeroverride.obj
         .\Release_tf2vintage\/tf_weapon_grenade_normal.obj
         .\Release_tf2vintage\/tf_weapon_milkrifle.obj
         .\Release_tf2vintage\/tf_weapon_nailgun.obj
         .\Release_tf2vintage\/tf_weapon_razorback.obj
         .\Release_tf2vintage\/gamedll_replay.obj
         .\Release_tf2vintage\/achievement_saverestore.obj
         .\Release_tf2vintage\/achievementmgr.obj
         .\Release_tf2vintage\/achievements_hlx.obj
         .\Release_tf2vintage\/activitylist.obj
         .\Release_tf2vintage\/ai_activity.obj
         .\Release_tf2vintage\/ai_baseactor.obj
         .\Release_tf2vintage\/ai_basehumanoid.obj
         .\Release_tf2vintage\/ai_basenpc.obj
         .\Release_tf2vintage\/ai_basenpc_flyer.obj
         .\Release_tf2vintage\/ai_basenpc_flyer_new.obj
         .\Release_tf2vintage\/ai_basenpc_movement.obj
         .\Release_tf2vintage\/ai_basenpc_physicsflyer.obj
         .\Release_tf2vintage\/ai_basenpc_schedule.obj
         .\Release_tf2vintage\/ai_basenpc_squad.obj
         .\Release_tf2vintage\/ai_behavior.obj
         .\Release_tf2vintage\/ai_behavior_assault.obj
         .\Release_tf2vintage\/ai_behavior_fear.obj
         .\Release_tf2vintage\/ai_behavior_follow.obj
         .\Release_tf2vintage\/ai_behavior_lead.obj
         .\Release_tf2vintage\/ai_behavior_rappel.obj
         .\Release_tf2vintage\/ai_behavior_standoff.obj
         .\Release_tf2vintage\/ai_blended_movement.obj
         .\Release_tf2vintage\/ai_concommands.obj
         .\Release_tf2vintage\/ai_condition.obj
         .\Release_tf2vintage\/AI_Criteria.obj
         .\Release_tf2vintage\/ai_default.obj
         .\Release_tf2vintage\/ai_dynamiclink.obj
         .\Release_tf2vintage\/ai_event.obj
         .\Release_tf2vintage\/ai_goalentity.obj
         .\Release_tf2vintage\/ai_hint.obj
         .\Release_tf2vintage\/ai_hull.obj
         .\Release_tf2vintage\/ai_initutils.obj
         .\Release_tf2vintage\/AI_Interest_Target.obj
         .\Release_tf2vintage\/ai_link.obj
         .\Release_tf2vintage\/ai_localnavigator.obj
         .\Release_tf2vintage\/ai_looktarget.obj
         .\Release_tf2vintage\/ai_memory.obj
         .\Release_tf2vintage\/ai_motor.obj
         .\Release_tf2vintage\/ai_moveprobe.obj
         .\Release_tf2vintage\/ai_moveshoot.obj
         .\Release_tf2vintage\/ai_movesolver.obj
         .\Release_tf2vintage\/ai_namespaces.obj
         .\Release_tf2vintage\/ai_navigator.obj
         .\Release_tf2vintage\/ai_network.obj
         .\Release_tf2vintage\/ai_networkmanager.obj
         .\Release_tf2vintage\/ai_node.obj
         .\Release_tf2vintage\/ai_pathfinder.obj
         .\Release_tf2vintage\/ai_planesolver.obj
         .\Release_tf2vintage\/ai_playerally.obj
         .\Release_tf2vintage\/ai_relationship.obj
         .\Release_tf2vintage\/AI_ResponseSystem.obj
         .\Release_tf2vintage\/ai_route.obj
         .\Release_tf2vintage\/ai_saverestore.obj
         .\Release_tf2vintage\/ai_schedule.obj
         .\Release_tf2vintage\/ai_scriptconditions.obj
         .\Release_tf2vintage\/ai_senses.obj
         .\Release_tf2vintage\/ai_sentence.obj
         .\Release_tf2vintage\/ai_speech.obj
         .\Release_tf2vintage\/ai_speechfilter.obj
         .\Release_tf2vintage\/ai_squad.obj
         .\Release_tf2vintage\/ai_squadslot.obj
         .\Release_tf2vintage\/ai_tacticalservices.obj
         .\Release_tf2vintage\/ai_task.obj
         .\Release_tf2vintage\/ai_trackpather.obj
         .\Release_tf2vintage\/ai_utils.obj
         .\Release_tf2vintage\/ai_waypoint.obj
         .\Release_tf2vintage\/ammodef.obj
         .\Release_tf2vintage\/animation.obj
         .\Release_tf2vintage\/base_playeranimstate.obj
         .\Release_tf2vintage\/base_transmit_proxy.obj
         .\Release_tf2vintage\/baseachievement.obj
         .\Release_tf2vintage\/baseanimating.obj
         .\Release_tf2vintage\/BaseAnimatingOverlay.obj
         .\Release_tf2vintage\/basecombatcharacter.obj
         .\Release_tf2vintage\/basecombatcharacter_shared.obj
         .\Release_tf2vintage\/basecombatweapon.obj
         .\Release_tf2vintage\/basecombatweapon_shared.obj
         .\Release_tf2vintage\/baseentity.obj
         .\Release_tf2vintage\/baseentity_shared.obj
         .\Release_tf2vintage\/baseflex.obj
         .\Release_tf2vintage\/basegrenade_concussion.obj
         .\Release_tf2vintage\/basegrenade_contact.obj
         .\Release_tf2vintage\/basegrenade_shared.obj
         .\Release_tf2vintage\/basegrenade_timed.obj
         .\Release_tf2vintage\/basemultiplayerplayer.obj
         .\Release_tf2vintage\/baseparticleentity.obj
         .\Release_tf2vintage\/baseplayer_shared.obj
         .\Release_tf2vintage\/baseprojectile.obj
         .\Release_tf2vintage\/baseviewmodel.obj
         .\Release_tf2vintage\/baseviewmodel_shared.obj
         .\Release_tf2vintage\/beam_shared.obj
         .\Release_tf2vintage\/bitstring.obj
         .\Release_tf2vintage\/bmodels.obj
         .\Release_tf2vintage\/bone_setup.obj
         .\Release_tf2vintage\/buttons.obj
         .\Release_tf2vintage\/cbase.obj
         .\Release_tf2vintage\/client.obj
         .\Release_tf2vintage\/collisionproperty.obj
         .\Release_tf2vintage\/collisionutils.obj
         .\Release_tf2vintage\/colorcorrection.obj
         .\Release_tf2vintage\/colorcorrectionvolume.obj
         .\Release_tf2vintage\/CommentarySystem.obj
         .\Release_tf2vintage\/controlentities.obj
         .\Release_tf2vintage\/cplane.obj
         .\Release_tf2vintage\/CRagdollMagnet.obj
         .\Release_tf2vintage\/damagemodifier.obj
         .\Release_tf2vintage\/death_pose.obj
         .\Release_tf2vintage\/debugoverlay_shared.obj
         .\Release_tf2vintage\/decals.obj
         .\Release_tf2vintage\/doors.obj
         .\Release_tf2vintage\/dt_send.obj
         .\Release_tf2vintage\/dt_utlvector_common.obj
         .\Release_tf2vintage\/dt_utlvector_send.obj
         .\Release_tf2vintage\/dynamiclight.obj
         .\Release_tf2vintage\/editor_sendcommand.obj
         .\Release_tf2vintage\/effect_dispatch_data.obj
         .\Release_tf2vintage\/effects.obj
         .\Release_tf2vintage\/EffectsServer.obj
         .\Release_tf2vintage\/ehandle.obj
         .\Release_tf2vintage\/entityblocker.obj
         .\Release_tf2vintage\/EntityDissolve.obj
         .\Release_tf2vintage\/EntityFlame.obj
         .\Release_tf2vintage\/entitylist.obj
         .\Release_tf2vintage\/entitylist_base.obj
         .\Release_tf2vintage\/EntityParticleTrail.obj
         .\Release_tf2vintage\/EntityParticleTrail_Shared.obj
         .\Release_tf2vintage\/env_debughistory.obj
         .\Release_tf2vintage\/env_detail_controller.obj
         .\Release_tf2vintage\/env_effectsscript.obj
         .\Release_tf2vintage\/env_entity_maker.obj
         .\Release_tf2vintage\/env_particlescript.obj
         .\Release_tf2vintage\/env_player_surface_trigger.obj
         .\Release_tf2vintage\/env_projectedtexture.obj
         .\Release_tf2vintage\/env_screenoverlay.obj
         .\Release_tf2vintage\/env_texturetoggle.obj
         .\Release_tf2vintage\/env_tonemap_controller.obj
         .\Release_tf2vintage\/env_wind_shared.obj
         .\Release_tf2vintage\/env_zoom.obj
         .\Release_tf2vintage\/EnvBeam.obj
         .\Release_tf2vintage\/EnvFade.obj
         .\Release_tf2vintage\/EnvHudHint.obj
         .\Release_tf2vintage\/EnvLaser.obj
         .\Release_tf2vintage\/EnvMessage.obj
         .\Release_tf2vintage\/envmicrophone.obj
         .\Release_tf2vintage\/EnvShake.obj
         .\Release_tf2vintage\/EnvSpark.obj
         .\Release_tf2vintage\/eventlist.obj
         .\Release_tf2vintage\/EventLog.obj
         .\Release_tf2vintage\/explode.obj
         .\Release_tf2vintage\/filesystem_helpers.obj
         .\Release_tf2vintage\/filters.obj
         .\Release_tf2vintage\/fire.obj
         .\Release_tf2vintage\/fire_smoke.obj
         .\Release_tf2vintage\/fish.obj
         .\Release_tf2vintage\/fogcontroller.obj
         .\Release_tf2vintage\/fourwheelvehiclephysics.obj
         .\Release_tf2vintage\/func_areaportal.obj
         .\Release_tf2vintage\/func_areaportalbase.obj
         .\Release_tf2vintage\/func_areaportalwindow.obj
         .\Release_tf2vintage\/func_break.obj
         .\Release_tf2vintage\/func_breakablesurf.obj
         .\Release_tf2vintage\/func_dust.obj
         .\Release_tf2vintage\/func_ladder.obj
         .\Release_tf2vintage\/func_ladder_endpoint.obj
         .\Release_tf2vintage\/func_lod.obj
         .\Release_tf2vintage\/Func_Monitor.obj
         .\Release_tf2vintage\/func_movelinear.obj
         .\Release_tf2vintage\/func_occluder.obj
         .\Release_tf2vintage\/func_reflective_glass.obj
         .\Release_tf2vintage\/func_smokevolume.obj
         .\Release_tf2vintage\/game.obj
         .\Release_tf2vintage\/game_ui.obj
         .\Release_tf2vintage\/gamehandle.obj
         .\Release_tf2vintage\/gameinterface.obj
         .\Release_tf2vintage\/gamemovement.obj
         .\Release_tf2vintage\/gamerules.obj
         .\Release_tf2vintage\/gamerules_register.obj
         .\Release_tf2vintage\/GameStats.obj
         .\Release_tf2vintage\/GameStats_BasicStatsFunctions.obj
         .\Release_tf2vintage\/gamestringpool.obj
         .\Release_tf2vintage\/gametrace_dll.obj
         .\Release_tf2vintage\/gamevars_shared.obj
         .\Release_tf2vintage\/gameweaponmanager.obj
         .\Release_tf2vintage\/genericactor.obj
         .\Release_tf2vintage\/genericmonster.obj
         .\Release_tf2vintage\/gib.obj
         .\Release_tf2vintage\/globals.obj
         .\Release_tf2vintage\/globalstate.obj
         .\Release_tf2vintage\/grenadethrown.obj
         .\Release_tf2vintage\/guntarget.obj
         .\Release_tf2vintage\/h_ai.obj
         .\Release_tf2vintage\/h_export.obj
         .\Release_tf2vintage\/haptic_msgs.obj
         .\Release_tf2vintage\/haptic_utils.obj
         .\Release_tf2vintage\/hierarchy.obj
         .\Release_tf2vintage\/hintmessage.obj
         .\Release_tf2vintage\/hintsystem.obj
         .\Release_tf2vintage\/hltvdirector.obj
         .\Release_tf2vintage\/igamesystem.obj
         .\Release_tf2vintage\/info_camera_link.obj
         .\Release_tf2vintage\/info_overlay_accessor.obj
         .\Release_tf2vintage\/init_factory.obj
         .\Release_tf2vintage\/intermission.obj
         .\Release_tf2vintage\/interpolatortypes.obj
         .\Release_tf2vintage\/interval.obj
         .\Release_tf2vintage\/item_world.obj
         .\Release_tf2vintage\/keyframe.obj
         .\Release_tf2vintage\/language.obj
         .\Release_tf2vintage\/lightglow.obj
         .\Release_tf2vintage\/lights.obj
         .\Release_tf2vintage\/logic_measure_movement.obj
         .\Release_tf2vintage\/logic_navigation.obj
         .\Release_tf2vintage\/logicauto.obj
         .\Release_tf2vintage\/logicentities.obj
         .\Release_tf2vintage\/logicrelay.obj
         .\Release_tf2vintage\/map_utils.obj
         .\Release_tf2vintage\/mapentities.obj
         .\Release_tf2vintage\/mapentities_shared.obj
         .\Release_tf2vintage\/maprules.obj
         .\Release_tf2vintage\/MaterialModifyControl.obj
         .\Release_tf2vintage\/memoverride.obj
         .\Release_tf2vintage\/message_entity.obj
         .\Release_tf2vintage\/modelentities.obj
         .\Release_tf2vintage\/ModelSoundsCache.obj
         .\Release_tf2vintage\/monstermaker.obj
         .\Release_tf2vintage\/movehelper_server.obj
         .\Release_tf2vintage\/movement.obj
         .\Release_tf2vintage\/movevars_shared.obj
         .\Release_tf2vintage\/mp_shareddefs.obj
         .\Release_tf2vintage\/multiplay_gamerules.obj
         .\Release_tf2vintage\/ndebugoverlay.obj
         .\Release_tf2vintage\/networkvar.obj
         .\Release_tf2vintage\/npc_vehicledriver.obj
         .\Release_tf2vintage\/obstacle_pushaway.obj
         .\Release_tf2vintage\/particle_light.obj
         .\Release_tf2vintage\/particle_parse.obj
         .\Release_tf2vintage\/particle_system.obj
         .\Release_tf2vintage\/particlesystemquery.obj
         .\Release_tf2vintage\/pathcorner.obj
         .\Release_tf2vintage\/pathtrack.obj
         .\Release_tf2vintage\/phys_controller.obj
         .\Release_tf2vintage\/physconstraint.obj
         .\Release_tf2vintage\/physics.obj
         .\Release_tf2vintage\/physics_bone_follower.obj
         .\Release_tf2vintage\/physics_cannister.obj
         .\Release_tf2vintage\/physics_fx.obj
         .\Release_tf2vintage\/physics_impact_damage.obj
         .\Release_tf2vintage\/physics_main.obj
         .\Release_tf2vintage\/physics_main_shared.obj
         .\Release_tf2vintage\/physics_npc_solver.obj
         .\Release_tf2vintage\/physics_prop_ragdoll.obj
         .\Release_tf2vintage\/physics_saverestore.obj
         .\Release_tf2vintage\/physics_shared.obj
         .\Release_tf2vintage\/physobj.obj
         .\Release_tf2vintage\/player.obj
         .\Release_tf2vintage\/player_command.obj
         .\Release_tf2vintage\/player_lagcompensation.obj
         .\Release_tf2vintage\/player_pickup.obj
         .\Release_tf2vintage\/player_resource.obj
         .\Release_tf2vintage\/playerclass_info_parse.obj
         .\Release_tf2vintage\/playerinfomanager.obj
         .\Release_tf2vintage\/playerlocaldata.obj
         .\Release_tf2vintage\/plugin_check.obj
         .\Release_tf2vintage\/point_bonusmaps_accessor.obj
         .\Release_tf2vintage\/point_camera.obj
         .\Release_tf2vintage\/point_devshot_camera.obj
         .\Release_tf2vintage\/point_playermoveconstraint.obj
         .\Release_tf2vintage\/point_posecontroller.obj
         .\Release_tf2vintage\/point_spotlight.obj
         .\Release_tf2vintage\/point_template.obj
         .\Release_tf2vintage\/pointanglesensor.obj
         .\Release_tf2vintage\/PointAngularVelocitySensor.obj
         .\Release_tf2vintage\/pointhurt.obj
         .\Release_tf2vintage\/pointteleport.obj
         .\Release_tf2vintage\/precache_register.obj
         .\Release_tf2vintage\/predictableid.obj
         .\Release_tf2vintage\/props.obj
         .\Release_tf2vintage\/props_shared.obj
         .\Release_tf2vintage\/querycache.obj
         .\Release_tf2vintage\/ragdoll_manager.obj
         .\Release_tf2vintage\/ragdoll_shared.obj
         .\Release_tf2vintage\/RagdollBoogie.obj
         .\Release_tf2vintage\/randoverride.obj
         .\Release_tf2vintage\/recipientfilter.obj
         .\Release_tf2vintage\/registry.obj
         .\Release_tf2vintage\/rope.obj
         .\Release_tf2vintage\/rope_helpers.obj
         .\Release_tf2vintage\/rope_physics.obj
         .\Release_tf2vintage\/saverestore.obj
         .\Release_tf2vintage\/saverestore_gamedll.obj
         .\Release_tf2vintage\/SceneCache.obj
         .\Release_tf2vintage\/sceneentity.obj
         .\Release_tf2vintage\/sceneentity_shared.obj
         .\Release_tf2vintage\/scratchpad3d.obj
         .\Release_tf2vintage\/scratchpad_gamedll_helpers.obj
         .\Release_tf2vintage\/ScratchPadUtils.obj
         .\Release_tf2vintage\/scripted.obj
         .\Release_tf2vintage\/scriptedtarget.obj
         .\Release_tf2vintage\/sendproxy.obj
         .\Release_tf2vintage\/sequence_Transitioner.obj
         .\Release_tf2vintage\/server_class.obj
         .\Release_tf2vintage\/serverbenchmark_base.obj
         .\Release_tf2vintage\/ServerNetworkProperty.obj
         .\Release_tf2vintage\/shadowcontrol.obj
         .\Release_tf2vintage\/sheetsimulator.obj
         .\Release_tf2vintage\/simple_physics.obj
         .\Release_tf2vintage\/simtimer.obj
         .\Release_tf2vintage\/singleplay_gamerules.obj
         .\Release_tf2vintage\/SkyCamera.obj
         .\Release_tf2vintage\/slideshow_display.obj
         .\Release_tf2vintage\/sound.obj
         .\Release_tf2vintage\/SoundEmitterSystem.obj
         .\Release_tf2vintage\/soundent.obj
         .\Release_tf2vintage\/soundenvelope.obj
         .\Release_tf2vintage\/SoundParametersInternal.obj
         .\Release_tf2vintage\/soundscape.obj
         .\Release_tf2vintage\/soundscape_system.obj
         .\Release_tf2vintage\/spotlightend.obj
         .\Release_tf2vintage\/Sprite.obj
         .\Release_tf2vintage\/sprite_perfmonitor.obj
         .\Release_tf2vintage\/stringregistry.obj
         .\Release_tf2vintage\/studio.obj
         .\Release_tf2vintage\/studio_shared.obj
         .\Release_tf2vintage\/subs.obj
         .\Release_tf2vintage\/sun.obj
         .\Release_tf2vintage\/survival_gamerules.obj
         .\Release_tf2vintage\/tactical_mission.obj
         .\Release_tf2vintage\/takedamageinfo.obj
         .\Release_tf2vintage\/tanktrain.obj
         .\Release_tf2vintage\/team.obj
         .\Release_tf2vintage\/team_control_point.obj
         .\Release_tf2vintage\/team_control_point_master.obj
         .\Release_tf2vintage\/team_control_point_round.obj
         .\Release_tf2vintage\/team_objectiveresource.obj
         .\Release_tf2vintage\/team_train_watcher.obj
         .\Release_tf2vintage\/teamplay_gamerules.obj
         .\Release_tf2vintage\/teamplay_round_timer.obj
         .\Release_tf2vintage\/teamplayroundbased_gamerules.obj
         .\Release_tf2vintage\/TemplateEntities.obj
         .\Release_tf2vintage\/tempmonster.obj
         .\Release_tf2vintage\/tesla.obj
         .\Release_tf2vintage\/test_ehandle.obj
         .\Release_tf2vintage\/test_proxytoggle.obj
         .\Release_tf2vintage\/test_stressentities.obj
         .\Release_tf2vintage\/testfunctions.obj
         .\Release_tf2vintage\/testtraceline.obj
         .\Release_tf2vintage\/textstatsmgr.obj
         .\Release_tf2vintage\/timedeventmgr.obj
         .\Release_tf2vintage\/trains.obj
         .\Release_tf2vintage\/trigger_area_capture.obj
         .\Release_tf2vintage\/triggers.obj
         .\Release_tf2vintage\/usercmd.obj
         .\Release_tf2vintage\/util.obj
         .\Release_tf2vintage\/util_shared.obj
         .\Release_tf2vintage\/variant_t.obj
         .\Release_tf2vintage\/vehicle_base.obj
         .\Release_tf2vintage\/vehicle_baseserver.obj
         .\Release_tf2vintage\/vehicle_viewblend_shared.obj
         .\Release_tf2vintage\/vguiscreen.obj
         .\Release_tf2vintage\/voice_gamemgr.obj
         .\Release_tf2vintage\/vote_controller.obj
         .\Release_tf2vintage\/waterbullet.obj
         .\Release_tf2vintage\/WaterLODControl.obj
         .\Release_tf2vintage\/wcedit.obj
         .\Release_tf2vintage\/weapon_parse.obj
         .\Release_tf2vintage\/weapon_proficiency.obj
         .\Release_tf2vintage\/weight_button.obj
         .\Release_tf2vintage\/world.obj
         .\Release_tf2vintage\/attribute_manager.obj
         .\Release_tf2vintage\/econ_entity.obj
         .\Release_tf2vintage\/econ_item_schema.obj
         .\Release_tf2vintage\/econ_item_system.obj
         .\Release_tf2vintage\/econ_item_view.obj
         .\Release_tf2vintage\/econ_wearable.obj
         .\Release_tf2vintage\/multiplayer_animstate.obj
         .\Release_tf2vintage\/nav_area.obj
         .\Release_tf2vintage\/nav_colors.obj
         .\Release_tf2vintage\/nav_edit.obj
         .\Release_tf2vintage\/nav_entities.obj
         .\Release_tf2vintage\/nav_file.obj
         .\Release_tf2vintage\/nav_generate.obj
         .\Release_tf2vintage\/nav_ladder.obj
         .\Release_tf2vintage\/nav_merge.obj
         .\Release_tf2vintage\/nav_mesh.obj
         .\Release_tf2vintage\/nav_mesh_factory.obj
         .\Release_tf2vintage\/nav_node.obj
         .\Release_tf2vintage\/nav_simplify.obj
         .\Release_tf2vintage\/stdafx.obj
         .\Release_tf2vintage\/basetempentity.obj
         .\Release_tf2vintage\/event_tempentity_tester.obj
         .\Release_tf2vintage\/movie_explosion.obj
         .\Release_tf2vintage\/particle_fire.obj
         .\Release_tf2vintage\/particle_smokegrenade.obj
         .\Release_tf2vintage\/plasma.obj
         .\Release_tf2vintage\/smoke_trail.obj
         .\Release_tf2vintage\/smokestack.obj
         .\Release_tf2vintage\/SpriteTrail.obj
         .\Release_tf2vintage\/steamjet.obj
         .\Release_tf2vintage\/te.obj
         .\Release_tf2vintage\/te_armorricochet.obj
         .\Release_tf2vintage\/te_basebeam.obj
         .\Release_tf2vintage\/te_beamentpoint.obj
         .\Release_tf2vintage\/te_beaments.obj
         .\Release_tf2vintage\/te_beamfollow.obj
         .\Release_tf2vintage\/te_beamlaser.obj
         .\Release_tf2vintage\/te_beampoints.obj
         .\Release_tf2vintage\/te_beamring.obj
         .\Release_tf2vintage\/te_beamringpoint.obj
         .\Release_tf2vintage\/te_beamspline.obj
         .\Release_tf2vintage\/te_bloodsprite.obj
         .\Release_tf2vintage\/te_bloodstream.obj
         .\Release_tf2vintage\/te_breakmodel.obj
         .\Release_tf2vintage\/te_bspdecal.obj
         .\Release_tf2vintage\/te_bubbles.obj
         .\Release_tf2vintage\/te_bubbletrail.obj
         .\Release_tf2vintage\/te_clientprojectile.obj
         .\Release_tf2vintage\/te_decal.obj
         .\Release_tf2vintage\/te_dynamiclight.obj
         .\Release_tf2vintage\/te_effect_dispatch.obj
         .\Release_tf2vintage\/te_energysplash.obj
         .\Release_tf2vintage\/te_explosion.obj
         .\Release_tf2vintage\/te_fizz.obj
         .\Release_tf2vintage\/te_footprintdecal.obj
         .\Release_tf2vintage\/te_gaussexplosion.obj
         .\Release_tf2vintage\/te_glassshatter.obj
         .\Release_tf2vintage\/te_glowsprite.obj
         .\Release_tf2vintage\/te_impact.obj
         .\Release_tf2vintage\/te_killplayerattachments.obj
         .\Release_tf2vintage\/te_largefunnel.obj
         .\Release_tf2vintage\/te_muzzleflash.obj
         .\Release_tf2vintage\/te_particlesystem.obj
         .\Release_tf2vintage\/te_physicsprop.obj
         .\Release_tf2vintage\/te_playerdecal.obj
         .\Release_tf2vintage\/te_projecteddecal.obj
         .\Release_tf2vintage\/te_showline.obj
         .\Release_tf2vintage\/te_smoke.obj
         .\Release_tf2vintage\/te_sparks.obj
         .\Release_tf2vintage\/te_sprite.obj
         .\Release_tf2vintage\/te_spritespray.obj
         .\Release_tf2vintage\/te_worlddecal.obj
         .\Release_tf2vintage\/usermessages.obj
         .\Release_tf2vintage\/entity_ammopack.obj
         .\Release_tf2vintage\/entity_armor.obj
         .\Release_tf2vintage\/entity_forcerespawn.obj
         .\Release_tf2vintage\/entity_game_text_tf.obj
         .\Release_tf2vintage\/entity_healthkit.obj
         .\Release_tf2vintage\/entity_intermission.obj
         .\Release_tf2vintage\/entity_player_equip.obj
         .\Release_tf2vintage\/entity_roundwin.obj
         .\Release_tf2vintage\/entity_spawn_manager.obj
         .\Release_tf2vintage\/entity_tfstart.obj
         .\Release_tf2vintage\/func_capture_zone.obj
         .\Release_tf2vintage\/func_changeclass.obj
         .\Release_tf2vintage\/func_flagdetectionzone.obj
         .\Release_tf2vintage\/func_no_build.obj
         .\Release_tf2vintage\/func_nogrenades.obj
         .\Release_tf2vintage\/func_regenerate.obj
         .\Release_tf2vintage\/func_respawnflag.obj
         .\Release_tf2vintage\/func_respawnroom.obj
         .\Release_tf2vintage\/te_tfblood.obj
         .\Release_tf2vintage\/tf_ammo_pack.obj
         .\Release_tf2vintage\/tf_bot_temp.obj
         .\Release_tf2vintage\/tf_client.obj
         .\Release_tf2vintage\/tf_eventlog.obj
         .\Release_tf2vintage\/tf_filters.obj
         .\Release_tf2vintage\/tf_fx.obj
         .\Release_tf2vintage\/tf_gameinterface.obj
         .\Release_tf2vintage\/tf_gamestats.obj
         .\Release_tf2vintage\/tf_generic_bomb.obj
         .\Release_tf2vintage\/tf_hltvdirector.obj
         .\Release_tf2vintage\/tf_obj.obj
         .\Release_tf2vintage\/tf_obj_dispenser.obj
         .\Release_tf2vintage\/tf_obj_sapper.obj
         .\Release_tf2vintage\/tf_obj_sentrygun.obj
         .\Release_tf2vintage\/tf_obj_teleporter.obj
         .\Release_tf2vintage\/tf_objective_resource.obj
         .\Release_tf2vintage\/tf_player.obj
         .\Release_tf2vintage\/tf_player_resource.obj
         .\Release_tf2vintage\/tf_playerclass.obj
         .\Release_tf2vintage\/tf_playermove.obj
         .\Release_tf2vintage\/tf_powerup.obj
         .\Release_tf2vintage\/tf_projectile_rocket.obj
         .\Release_tf2vintage\/tf_pushentity.obj
         .\Release_tf2vintage\/tf_team.obj
         .\Release_tf2vintage\/tf_turret.obj
         .\Release_tf2vintage\/tf_vehicle_jeep.obj
         .\Release_tf2vintage\/tf_voteissues.obj
         .\Release_tf2vintage\/tf_weapon_builder.obj
         .\Release_tf2vintage\/trigger_stun.obj
         .\Release_tf2vintage\/achievements_tf.obj
         .\Release_tf2vintage\/baseobject_shared.obj
         .\Release_tf2vintage\/entity_capture_flag.obj
         .\Release_tf2vintage\/script_parser.obj
         .\Release_tf2vintage\/tf_fx_shared.obj
         .\Release_tf2vintage\/tf_gamemovement.obj
         .\Release_tf2vintage\/tf_gamerules.obj
         .\Release_tf2vintage\/tf_gamestats_shared.obj
         .\Release_tf2vintage\/tf_inventory.obj
         .\Release_tf2vintage\/tf_item.obj
         .\Release_tf2vintage\/tf_obj_baseupgrade_shared.obj
         .\Release_tf2vintage\/tf_player_shared.obj
         .\Release_tf2vintage\/tf_playeranimstate.obj
         .\Release_tf2vintage\/tf_playerclass_info_parse.obj
         .\Release_tf2vintage\/tf_playerclass_shared.obj
         .\Release_tf2vintage\/tf_projectile_base.obj
         .\Release_tf2vintage\/tf_projectile_nail.obj
         .\Release_tf2vintage\/tf_shareddefs.obj
         .\Release_tf2vintage\/tf_usermessages.obj
         .\Release_tf2vintage\/tf_viewmodel.obj
         .\Release_tf2vintage\/tf_wearable.obj
         .\Release_tf2vintage\/tf_weapon_bat.obj
         .\Release_tf2vintage\/tf_weapon_bonesaw.obj
         .\Release_tf2vintage\/tf_weapon_bottle.obj
         .\Release_tf2vintage\/tf_weapon_club.obj
         .\Release_tf2vintage\/tf_weapon_fireaxe.obj
         .\Release_tf2vintage\/tf_weapon_fists.obj
         .\Release_tf2vintage\/tf_weapon_flamethrower.obj
         .\Release_tf2vintage\/tf_weapon_grenade_pipebomb.obj
         .\Release_tf2vintage\/tf_weapon_grenadelauncher.obj
         .\Release_tf2vintage\/tf_weapon_invis.obj
         .\Release_tf2vintage\/tf_weapon_knife.obj
         .\Release_tf2vintage\/tf_weapon_medigun.obj
         .\Release_tf2vintage\/tf_weapon_minigun.obj
         .\Release_tf2vintage\/tf_weapon_parse.obj
         .\Release_tf2vintage\/tf_weapon_pda.obj
         .\Release_tf2vintage\/tf_weapon_pipebomblauncher.obj
         .\Release_tf2vintage\/tf_weapon_pistol.obj
         .\Release_tf2vintage\/tf_weapon_revolver.obj
         .\Release_tf2vintage\/tf_weapon_rocketlauncher.obj
         .\Release_tf2vintage\/tf_weapon_shotgun.obj
         .\Release_tf2vintage\/tf_weapon_shovel.obj
         .\Release_tf2vintage\/tf_weapon_smg.obj
         .\Release_tf2vintage\/tf_weapon_sniperrifle.obj
         .\Release_tf2vintage\/tf_weapon_syringegun.obj
         .\Release_tf2vintage\/tf_weapon_wrench.obj
         .\Release_tf2vintage\/tf_weaponbase.obj
         .\Release_tf2vintage\/tf_weaponbase_grenadeproj.obj
         .\Release_tf2vintage\/tf_weaponbase_gun.obj
         .\Release_tf2vintage\/tf_weaponbase_melee.obj
         .\Release_tf2vintage\/tf_weaponbase_rocket.obj
         .\Release_tf2vintage\/tf_projectile_arrow.obj
         .\Release_tf2vintage\/tf_projectile_flare.obj
         .\Release_tf2vintage\/tf_projectile_jar.obj
         .\Release_tf2vintage\/tf_projectile_stunball.obj
         .\Release_tf2vintage\/tf_weapon_bat_wood.obj
         .\Release_tf2vintage\/tf_weapon_buff_item.obj
         .\Release_tf2vintage\/tf_weapon_compound_bow.obj
         .\Release_tf2vintage\/tf_weapon_flaregun.obj
         .\Release_tf2vintage\/tf_weapon_grenade_mirv.obj
         .\Release_tf2vintage\/tf_weapon_jar.obj
         .\Release_tf2vintage\/tf_weapon_laser_pointer.obj
         .\Release_tf2vintage\/tf_weapon_lunchbox.obj
         .\Release_tf2vintage\/tf_weapon_lunchbox_drink.obj
         .\Release_tf2vintage\/tf_weapon_stickbomb.obj
         .\Release_tf2vintage\/entity_grenadepack.obj
         .\Release_tf2vintage\/tf_mapitems.obj
         .\Release_tf2vintage\/tf_timer.obj
         .\Release_tf2vintage\/entity_tools_server.obj
         .\Release_tf2vintage\/toolframework_server.obj
         ..\..\lib\public\choreoobjects.lib
         ..\..\lib\public\dmxloader.lib
         ..\..\lib\public\libprotobuf.lib
         ..\..\lib\public\mathlib.lib
         ..\..\lib\public\particles.lib
         ..\..\lib\public\steam_api.lib
         ..\..\lib\public\tier0.lib
         ..\..\lib\public\tier1.lib
         ..\..\lib\public\tier2.lib
         ..\..\lib\public\tier3.lib
         ..\..\lib\public\vstdlib.lib
            Creating library .\Release_tf2vintage\server.lib and object .\Release_tf2vintage\server.exp
         server_tf2vintage.vcxproj -> C:\Program Files (x86)\Steam\steamapps\common\Source SDK Base 2013 Multiplayer\dev\Ultra-Fortress\src\game\server\.\Release_tf2vintage\server.dll
       PostBuildEvent:
         if not exist "..\..\..\game\tf2vintage\bin\." mkdir "..\..\..\game\tf2vintage\bin\."
         copy "C:\Program Files (x86)\Steam\steamapps\common\Source SDK Base 2013 Multiplayer\dev\Ultra-Fortress\src\game\server\Release_tf2vintage\server.dll" "..\..\..\game\tf2vintage\bin\.\server.dll"
         if ERRORLEVEL 1 goto BuildEventFailed
         if exist "C:\Program Files (x86)\Steam\steamapps\common\Source SDK Base 2013 Multiplayer\dev\Ultra-Fortress\src\game\server\Release_tf2vintage\server.map" copy "C:\Program Files (x86)\Steam\steamapps\common\Source SDK Base 2013 Multiplayer\dev\Ultra-Fortress\src\game\server\Release_tf2vintage\server.map" ..\..\..\game\tf2vintage\bin\.\server.map
         copy "C:\Program Files (x86)\Steam\steamapps\common\Source SDK Base 2013 Multiplayer\dev\Ultra-Fortress\src\game\server\Release_tf2vintage\server.pdb" ..\..\..\game\tf2vintage\bin\.\server.pdb
         if ERRORLEVEL 1 goto BuildEventFailed
         goto BuildEventOK
         :BuildEventFailed
         echo *** ERROR! PostBuildStep FAILED for Server (TF)! EXE or DLL is probably running. ***
         del /q "C:\Program Files (x86)\Steam\steamapps\common\Source SDK Base 2013 Multiplayer\dev\Ultra-Fortress\src\game\server\Release_tf2vintage\server.dll"
         exit 1
         :BuildEventOK
         
         :VCEnd
                 1개 파일이 복사되었습니다.
                 1개 파일이 복사되었습니다.
     1>Done Building Project "C:\Program Files (x86)\Steam\steamapps\common\Source SDK Base 2013 Multiplayer\dev\Ultra-Fortress\src\game\server\server_tf2vintage.vcxproj" (Build target(s)).

Build succeeded.

Time Elapsed 00:00:05.19
