Build started 2021-05-16(일) 오전 11:46:59.
     1>Project "C:\Program Files (x86)\Steam\steamapps\common\Source SDK Base 2013 Multiplayer\dev\Ultra-Fortress\src\raytrace\raytrace.vcxproj" on node 5 (Build target(s)).
     1>PreBuildEvent:
         if EXIST ..\lib\public\.\raytrace.lib ( for /f "delims=" %%A in ('attrib "..\lib\public\.\raytrace.lib"') do set valveTmpIsReadOnly="%%A"
         ) else ( if not EXIST ..\lib\public\. mkdir ..\lib\public\. )
         set valveTmpIsReadOnlyLetter=%valveTmpIsReadOnly:~6,1%
         if "%valveTmpIsReadOnlyLetter%"=="R" (
             attrib -r ..\lib\public\.\raytrace.lib
             ..\devtools\bin\gnu\touch.exe -d "1999-01-01" ..\lib\public\.\raytrace.lib
             attrib +r ..\lib\public\.\raytrace.lib
         )
         if exist "..\devtools\bin\vpc.exe" "..\devtools\bin\vpc.exe" -crc2 "raytrace.vcxproj"
         if ERRORLEVEL 1 exit /b 1
         
         :VCEnd
       CustomBuild:
         Running VPC CRC Check - raytrace.vpc
         액세스가 거부되었습니다.
       Lib:
         raytrace.vcxproj -> C:\Program Files (x86)\Steam\steamapps\common\Source SDK Base 2013 Multiplayer\dev\Ultra-Fortress\src\raytrace\..\lib\public\.\raytrace.lib
     1>Done Building Project "C:\Program Files (x86)\Steam\steamapps\common\Source SDK Base 2013 Multiplayer\dev\Ultra-Fortress\src\raytrace\raytrace.vcxproj" (Build target(s)).

Build succeeded.

Time Elapsed 00:00:00.40
